TN:
SF:src\db.ts
FN:15,getPool
FN:35,checkDb
FN:67,closePool
FNF:3
FNH:1
FNDA:1,getPool
FNDA:0,checkDb
FNDA:0,closePool
DA:6,3
DA:9,3
DA:15,3
DA:16,1
DA:18,1
DA:19,1
DA:21,1
DA:28,1
DA:35,3
DA:36,0
DA:37,0
DA:38,0
DA:39,0
DA:46,0
DA:47,0
DA:49,0
DA:55,0
DA:56,0
DA:67,3
DA:68,0
DA:69,0
DA:70,0
LF:22
LH:10
BRDA:16,0,0,0
BRDA:16,0,1,1
BRDA:19,1,0,0
BRDA:19,1,1,1
BRDA:38,2,0,0
BRDA:38,2,1,0
BRDA:68,3,0,0
BRDA:68,3,1,0
BRF:8
BRH:2
end_of_record
TN:
SF:src\config\constants.ts
FNF:0
FNH:0
DA:6,0
DA:26,0
DA:41,0
DA:66,0
DA:77,0
DA:92,0
DA:98,0
DA:121,0
DA:139,0
DA:149,0
DA:175,0
LF:11
LH:0
BRF:0
BRH:0
end_of_record
TN:
SF:src\config\security.config.ts
FN:69,(anonymous_0)
FN:263,validateSecurityConfig
FN:282,(anonymous_2)
FNF:3
FNH:0
FNDA:0,(anonymous_0)
FNDA:0,validateSecurityConfig
FNDA:0,(anonymous_2)
DA:17,0
DA:67,0
DA:70,0
DA:77,0
DA:78,0
DA:81,0
DA:82,0
DA:84,0
DA:120,0
DA:131,0
DA:142,0
DA:155,0
DA:177,0
DA:194,0
DA:213,0
DA:229,0
DA:240,0
DA:254,0
DA:264,0
DA:266,0
DA:267,0
DA:270,0
DA:271,0
DA:272,0
DA:275,0
DA:276,0
DA:280,0
DA:281,0
DA:282,0
DA:283,0
LF:30
LH:0
BRDA:30,0,0,0
BRDA:30,0,1,0
BRDA:71,1,0,0
BRDA:71,1,1,0
BRDA:77,2,0,0
BRDA:77,2,1,0
BRDA:81,3,0,0
BRDA:81,3,1,0
BRDA:178,4,0,0
BRDA:178,4,1,0
BRDA:196,5,0,0
BRDA:196,5,1,0
BRDA:199,6,0,0
BRDA:199,6,1,0
BRDA:254,7,0,0
BRDA:254,7,1,0
BRDA:266,8,0,0
BRDA:266,8,1,0
BRDA:266,9,0,0
BRDA:266,9,1,0
BRDA:270,10,0,0
BRDA:270,10,1,0
BRDA:271,11,0,0
BRDA:271,11,1,0
BRDA:275,12,0,0
BRDA:275,12,1,0
BRDA:280,13,0,0
BRDA:280,13,1,0
BRF:28
BRH:0
end_of_record
TN:
SF:src\config\swagger.ts
FNF:0
FNH:0
DA:8,0
DA:203,0
LF:2
LH:0
BRF:0
BRH:0
end_of_record
TN:
SF:src\controllers\AuthController.ts
FN:12,(anonymous_0)
FN:18,(anonymous_1)
FN:38,(anonymous_2)
FN:57,(anonymous_3)
FN:71,(anonymous_4)
FNF:5
FNH:0
FNDA:0,(anonymous_0)
FNDA:0,(anonymous_1)
FNDA:0,(anonymous_2)
FNDA:0,(anonymous_3)
FNDA:0,(anonymous_4)
DA:12,0
DA:18,0
DA:19,0
DA:21,0
DA:27,0
DA:38,0
DA:39,0
DA:41,0
DA:46,0
DA:57,0
DA:58,0
DA:59,0
DA:61,0
DA:71,0
DA:72,0
DA:73,0
DA:75,0
DA:80,0
LF:18
LH:0
BRDA:58,0,0,0
BRDA:58,0,1,0
BRDA:73,1,0,0
BRDA:73,1,1,0
BRF:4
BRH:0
end_of_record
TN:
SF:src\controllers\EarningsController.ts
FN:16,(anonymous_0)
FN:49,(anonymous_1)
FN:63,(anonymous_2)
FN:94,(anonymous_3)
FNF:4
FNH:0
FNDA:0,(anonymous_0)
FNDA:0,(anonymous_1)
FNDA:0,(anonymous_2)
FNDA:0,(anonymous_3)
DA:16,0
DA:17,0
DA:18,0
DA:20,0
DA:21,0
DA:22,0
DA:25,0
DA:27,0
DA:37,0
DA:38,0
DA:49,0
DA:50,0
DA:51,0
DA:52,0
DA:54,0
DA:55,0
DA:56,0
DA:59,0
DA:61,0
DA:63,0
DA:82,0
DA:83,0
DA:94,0
DA:95,0
DA:96,0
DA:97,0
DA:99,0
DA:100,0
DA:101,0
DA:105,0
DA:106,0
DA:107,0
DA:111,0
DA:114,0
DA:116,0
DA:117,0
DA:122,0
DA:128,0
DA:129,0
DA:137,0
LF:40
LH:0
BRDA:20,0,0,0
BRDA:20,0,1,0
BRDA:30,1,0,0
BRDA:30,1,1,0
BRDA:31,2,0,0
BRDA:31,2,1,0
BRDA:32,3,0,0
BRDA:32,3,1,0
BRDA:33,4,0,0
BRDA:33,4,1,0
BRDA:52,5,0,0
BRDA:52,5,1,0
BRDA:54,6,0,0
BRDA:54,6,1,0
BRDA:96,7,0,0
BRDA:96,7,1,0
BRDA:99,8,0,0
BRDA:99,8,1,0
BRDA:106,9,0,0
BRDA:106,9,1,0
BRDA:116,10,0,0
BRDA:116,10,1,0
BRF:22
BRH:0
end_of_record
TN:
SF:src\controllers\JobController.ts
FN:17,(anonymous_0)
FN:26,(anonymous_1)
FN:37,(anonymous_2)
FN:69,(anonymous_3)
FN:93,(anonymous_4)
FN:125,(anonymous_5)
FN:153,(anonymous_6)
FN:180,(anonymous_7)
FN:208,(anonymous_8)
FN:236,(anonymous_9)
FN:264,(anonymous_10)
FN:292,(anonymous_11)
FN:327,(anonymous_12)
FN:342,(anonymous_13)
FN:365,(anonymous_14)
FNF:15
FNH:0
FNDA:0,(anonymous_0)
FNDA:0,(anonymous_1)
FNDA:0,(anonymous_2)
FNDA:0,(anonymous_3)
FNDA:0,(anonymous_4)
FNDA:0,(anonymous_5)
FNDA:0,(anonymous_6)
FNDA:0,(anonymous_7)
FNDA:0,(anonymous_8)
FNDA:0,(anonymous_9)
FNDA:0,(anonymous_10)
FNDA:0,(anonymous_11)
FNDA:0,(anonymous_12)
FNDA:0,(anonymous_13)
FNDA:0,(anonymous_14)
DA:18,0
DA:19,0
DA:20,0
DA:27,0
DA:28,0
DA:30,0
DA:37,0
DA:38,0
DA:39,0
DA:41,0
DA:50,0
DA:52,0
DA:54,0
DA:60,0
DA:61,0
DA:69,0
DA:70,0
DA:71,0
DA:73,0
DA:74,0
DA:77,0
DA:79,0
DA:84,0
DA:85,0
DA:93,0
DA:94,0
DA:95,0
DA:96,0
DA:104,0
DA:106,0
DA:116,0
DA:117,0
DA:125,0
DA:126,0
DA:127,0
DA:128,0
DA:130,0
DA:131,0
DA:134,0
DA:136,0
DA:138,0
DA:144,0
DA:145,0
DA:153,0
DA:154,0
DA:155,0
DA:156,0
DA:158,0
DA:159,0
DA:162,0
DA:164,0
DA:166,0
DA:171,0
DA:172,0
DA:180,0
DA:181,0
DA:182,0
DA:183,0
DA:185,0
DA:186,0
DA:189,0
DA:191,0
DA:193,0
DA:199,0
DA:200,0
DA:208,0
DA:209,0
DA:210,0
DA:211,0
DA:213,0
DA:214,0
DA:217,0
DA:219,0
DA:221,0
DA:227,0
DA:228,0
DA:236,0
DA:237,0
DA:238,0
DA:239,0
DA:241,0
DA:242,0
DA:245,0
DA:247,0
DA:249,0
DA:255,0
DA:256,0
DA:264,0
DA:265,0
DA:266,0
DA:267,0
DA:269,0
DA:270,0
DA:273,0
DA:275,0
DA:277,0
DA:283,0
DA:284,0
DA:292,0
DA:293,0
DA:294,0
DA:295,0
DA:306,0
DA:308,0
DA:318,0
DA:319,0
DA:327,0
DA:328,0
DA:329,0
DA:331,0
DA:332,0
DA:335,0
DA:341,0
DA:342,0
DA:343,0
DA:344,0
DA:348,0
DA:350,0
DA:356,0
DA:357,0
DA:365,0
DA:366,0
DA:367,0
DA:369,0
DA:370,0
DA:372,0
DA:374,0
DA:380,0
DA:381,0
LF:129
LH:0
BRDA:27,0,0,0
BRDA:27,0,1,0
BRDA:30,1,0,0
BRDA:30,1,1,0
BRDA:73,2,0,0
BRDA:73,2,1,0
BRDA:98,3,0,0
BRDA:98,3,1,0
BRDA:99,4,0,0
BRDA:99,4,1,0
BRDA:100,5,0,0
BRDA:100,5,1,0
BRDA:101,6,0,0
BRDA:101,6,1,0
BRDA:130,7,0,0
BRDA:130,7,1,0
BRDA:158,8,0,0
BRDA:158,8,1,0
BRDA:185,9,0,0
BRDA:185,9,1,0
BRDA:213,10,0,0
BRDA:213,10,1,0
BRDA:241,11,0,0
BRDA:241,11,1,0
BRDA:269,12,0,0
BRDA:269,12,1,0
BRDA:297,13,0,0
BRDA:297,13,1,0
BRDA:298,14,0,0
BRDA:298,14,1,0
BRDA:299,15,0,0
BRDA:299,15,1,0
BRDA:300,16,0,0
BRDA:300,16,1,0
BRDA:301,17,0,0
BRDA:301,17,1,0
BRDA:302,18,0,0
BRDA:302,18,1,0
BRDA:303,19,0,0
BRDA:303,19,1,0
BRDA:331,20,0,0
BRDA:331,20,1,0
BRDA:332,21,0,0
BRDA:332,21,1,0
BRDA:343,22,0,0
BRDA:343,22,1,0
BRDA:369,23,0,0
BRDA:369,23,1,0
BRDA:370,24,0,0
BRDA:370,24,1,0
BRF:50
BRH:0
end_of_record
TN:
SF:src\controllers\PaymentController.ts
FN:17,(anonymous_0)
FN:27,(anonymous_1)
FN:59,(anonymous_2)
FN:83,(anonymous_3)
FN:107,(anonymous_4)
FN:131,(anonymous_5)
FN:166,(anonymous_6)
FN:192,(anonymous_7)
FN:210,(anonymous_8)
FNF:9
FNH:0
FNDA:0,(anonymous_0)
FNDA:0,(anonymous_1)
FNDA:0,(anonymous_2)
FNDA:0,(anonymous_3)
FNDA:0,(anonymous_4)
FNDA:0,(anonymous_5)
FNDA:0,(anonymous_6)
FNDA:0,(anonymous_7)
FNDA:0,(anonymous_8)
DA:18,0
DA:19,0
DA:20,0
DA:27,0
DA:28,0
DA:29,0
DA:31,0
DA:32,0
DA:35,0
DA:40,0
DA:42,0
DA:44,0
DA:50,0
DA:51,0
DA:59,0
DA:60,0
DA:61,0
DA:63,0
DA:64,0
DA:67,0
DA:69,0
DA:74,0
DA:75,0
DA:83,0
DA:84,0
DA:85,0
DA:87,0
DA:88,0
DA:91,0
DA:93,0
DA:98,0
DA:99,0
DA:107,0
DA:108,0
DA:109,0
DA:111,0
DA:112,0
DA:115,0
DA:117,0
DA:122,0
DA:123,0
DA:131,0
DA:132,0
DA:133,0
DA:134,0
DA:136,0
DA:137,0
DA:140,0
DA:141,0
DA:144,0
DA:149,0
DA:151,0
DA:157,0
DA:158,0
DA:166,0
DA:167,0
DA:168,0
DA:169,0
DA:171,0
DA:173,0
DA:183,0
DA:184,0
DA:192,0
DA:193,0
DA:194,0
DA:196,0
DA:201,0
DA:202,0
DA:210,0
DA:211,0
DA:212,0
DA:213,0
DA:215,0
DA:216,0
DA:219,0
DA:220,0
DA:224,0
DA:226,0
DA:232,0
DA:234,0
DA:248,0
DA:249,0
LF:82
LH:0
BRDA:31,0,0,0
BRDA:31,0,1,0
BRDA:31,1,0,0
BRDA:31,1,1,0
BRDA:63,2,0,0
BRDA:63,2,1,0
BRDA:87,3,0,0
BRDA:87,3,1,0
BRDA:111,4,0,0
BRDA:111,4,1,0
BRDA:136,5,0,0
BRDA:136,5,1,0
BRDA:140,6,0,0
BRDA:140,6,1,0
BRDA:168,7,0,0
BRDA:168,7,1,0
BRDA:169,8,0,0
BRDA:169,8,1,0
BRDA:215,9,0,0
BRDA:215,9,1,0
BRDA:215,10,0,0
BRDA:215,10,1,0
BRDA:219,11,0,0
BRDA:219,11,1,0
BRDA:224,12,0,0
BRDA:224,12,1,0
BRDA:243,13,0,0
BRDA:243,13,1,0
BRF:28
BRH:0
end_of_record
TN:
SF:src\controllers\ReviewController.ts
FN:18,(anonymous_0)
FN:28,(anonymous_1)
FN:39,(anonymous_2)
FN:75,(anonymous_3)
FN:99,(anonymous_4)
FN:123,(anonymous_5)
FN:154,(anonymous_6)
FN:185,(anonymous_7)
FN:213,(anonymous_8)
FN:240,(anonymous_9)
FNF:10
FNH:0
FNDA:0,(anonymous_0)
FNDA:0,(anonymous_1)
FNDA:0,(anonymous_2)
FNDA:0,(anonymous_3)
FNDA:0,(anonymous_4)
FNDA:0,(anonymous_5)
FNDA:0,(anonymous_6)
FNDA:0,(anonymous_7)
FNDA:0,(anonymous_8)
FNDA:0,(anonymous_9)
DA:19,0
DA:20,0
DA:21,0
DA:22,0
DA:29,0
DA:30,0
DA:32,0
DA:39,0
DA:40,0
DA:41,0
DA:43,0
DA:45,0
DA:46,0
DA:49,0
DA:56,0
DA:58,0
DA:60,0
DA:66,0
DA:67,0
DA:75,0
DA:76,0
DA:77,0
DA:79,0
DA:80,0
DA:83,0
DA:85,0
DA:90,0
DA:91,0
DA:99,0
DA:100,0
DA:101,0
DA:103,0
DA:104,0
DA:107,0
DA:109,0
DA:114,0
DA:115,0
DA:123,0
DA:124,0
DA:125,0
DA:126,0
DA:127,0
DA:129,0
DA:130,0
DA:133,0
DA:135,0
DA:145,0
DA:146,0
DA:154,0
DA:155,0
DA:156,0
DA:157,0
DA:158,0
DA:160,0
DA:161,0
DA:164,0
DA:166,0
DA:176,0
DA:177,0
DA:185,0
DA:186,0
DA:187,0
DA:188,0
DA:190,0
DA:191,0
DA:194,0
DA:196,0
DA:198,0
DA:204,0
DA:205,0
DA:213,0
DA:214,0
DA:215,0
DA:216,0
DA:218,0
DA:219,0
DA:222,0
DA:224,0
DA:226,0
DA:231,0
DA:232,0
DA:240,0
DA:241,0
DA:242,0
DA:244,0
DA:245,0
DA:248,0
DA:250,0
DA:255,0
DA:256,0
LF:90
LH:0
BRDA:29,0,0,0
BRDA:29,0,1,0
BRDA:32,1,0,0
BRDA:32,1,1,0
BRDA:45,2,0,0
BRDA:45,2,1,0
BRDA:45,3,0,0
BRDA:45,3,1,0
BRDA:79,4,0,0
BRDA:79,4,1,0
BRDA:103,5,0,0
BRDA:103,5,1,0
BRDA:126,6,0,0
BRDA:126,6,1,0
BRDA:127,7,0,0
BRDA:127,7,1,0
BRDA:129,8,0,0
BRDA:129,8,1,0
BRDA:157,9,0,0
BRDA:157,9,1,0
BRDA:158,10,0,0
BRDA:158,10,1,0
BRDA:160,11,0,0
BRDA:160,11,1,0
BRDA:190,12,0,0
BRDA:190,12,1,0
BRDA:218,13,0,0
BRDA:218,13,1,0
BRDA:244,14,0,0
BRDA:244,14,1,0
BRF:30
BRH:0
end_of_record
TN:
SF:src\controllers\RunnerController.ts
FN:17,(anonymous_0)
FN:26,(anonymous_1)
FN:37,(anonymous_2)
FN:65,(anonymous_3)
FN:89,(anonymous_4)
FN:109,(anonymous_5)
FN:141,(anonymous_6)
FN:168,(anonymous_7)
FN:202,(anonymous_8)
FN:228,(anonymous_9)
FNF:10
FNH:0
FNDA:0,(anonymous_0)
FNDA:0,(anonymous_1)
FNDA:0,(anonymous_2)
FNDA:0,(anonymous_3)
FNDA:0,(anonymous_4)
FNDA:0,(anonymous_5)
FNDA:0,(anonymous_6)
FNDA:0,(anonymous_7)
FNDA:0,(anonymous_8)
FNDA:0,(anonymous_9)
DA:18,0
DA:19,0
DA:20,0
DA:27,0
DA:28,0
DA:30,0
DA:37,0
DA:38,0
DA:39,0
DA:41,0
DA:46,0
DA:48,0
DA:50,0
DA:56,0
DA:57,0
DA:65,0
DA:66,0
DA:67,0
DA:69,0
DA:70,0
DA:73,0
DA:75,0
DA:80,0
DA:81,0
DA:89,0
DA:90,0
DA:91,0
DA:93,0
DA:95,0
DA:100,0
DA:101,0
DA:109,0
DA:110,0
DA:111,0
DA:112,0
DA:114,0
DA:115,0
DA:118,0
DA:124,0
DA:126,0
DA:132,0
DA:133,0
DA:141,0
DA:142,0
DA:143,0
DA:144,0
DA:146,0
DA:147,0
DA:150,0
DA:152,0
DA:154,0
DA:159,0
DA:160,0
DA:168,0
DA:169,0
DA:170,0
DA:181,0
DA:183,0
DA:193,0
DA:194,0
DA:202,0
DA:203,0
DA:204,0
DA:205,0
DA:207,0
DA:209,0
DA:219,0
DA:220,0
DA:228,0
DA:229,0
DA:230,0
DA:231,0
DA:233,0
DA:234,0
DA:237,0
DA:238,0
DA:239,0
DA:241,0
DA:243,0
DA:245,0
DA:250,0
DA:251,0
LF:82
LH:0
BRDA:27,0,0,0
BRDA:27,0,1,0
BRDA:30,1,0,0
BRDA:30,1,1,0
BRDA:69,2,0,0
BRDA:69,2,1,0
BRDA:114,3,0,0
BRDA:114,3,1,0
BRDA:146,4,0,0
BRDA:146,4,1,0
BRDA:171,5,0,0
BRDA:171,5,1,0
BRDA:172,6,0,0
BRDA:172,6,1,0
BRDA:173,7,0,0
BRDA:173,7,1,0
BRDA:174,8,0,0
BRDA:174,8,1,0
BRDA:175,9,0,0
BRDA:175,9,1,0
BRDA:176,10,0,0
BRDA:176,10,1,0
BRDA:177,11,0,0
BRDA:177,11,1,0
BRDA:178,12,0,0
BRDA:178,12,1,0
BRDA:204,13,0,0
BRDA:204,13,1,0
BRDA:205,14,0,0
BRDA:205,14,1,0
BRDA:233,15,0,0
BRDA:233,15,1,0
BRDA:237,16,0,0
BRDA:237,16,1,0
BRDA:238,17,0,0
BRDA:238,17,1,0
BRDA:239,18,0,0
BRDA:239,18,1,0
BRF:38
BRH:0
end_of_record
TN:
SF:src\core\errors\AppError.ts
FN:11,(anonymous_0)
FN:25,(anonymous_1)
FN:38,(anonymous_2)
FN:46,(anonymous_3)
FN:58,(anonymous_4)
FN:70,(anonymous_5)
FN:82,(anonymous_6)
FN:94,(anonymous_7)
FN:106,(anonymous_8)
FN:114,(anonymous_9)
FN:126,(anonymous_10)
FNF:11
FNH:0
FNDA:0,(anonymous_0)
FNDA:0,(anonymous_1)
FNDA:0,(anonymous_2)
FNDA:0,(anonymous_3)
FNDA:0,(anonymous_4)
FNDA:0,(anonymous_5)
FNDA:0,(anonymous_6)
FNDA:0,(anonymous_7)
FNDA:0,(anonymous_8)
FNDA:0,(anonymous_9)
FNDA:0,(anonymous_10)
DA:12,0
DA:13,0
DA:14,0
DA:17,0
DA:18,0
DA:21,0
DA:22,0
DA:26,0
DA:41,0
DA:43,0
DA:47,0
DA:62,0
DA:74,0
DA:86,0
DA:98,0
DA:109,0
DA:111,0
DA:115,0
DA:130,0
LF:19
LH:0
BRDA:15,0,0,0
BRDA:39,1,0,0
BRDA:40,2,0,0
BRDA:59,3,0,0
BRDA:60,4,0,0
BRDA:71,5,0,0
BRDA:72,6,0,0
BRDA:83,7,0,0
BRDA:84,8,0,0
BRDA:95,9,0,0
BRDA:96,10,0,0
BRDA:107,11,0,0
BRDA:108,12,0,0
BRDA:127,13,0,0
BRDA:128,14,0,0
BRF:15
BRH:0
end_of_record
TN:
SF:src\database\connection.ts
FN:16,(anonymous_0)
FN:36,(anonymous_1)
FN:41,(anonymous_2)
FN:48,(anonymous_3)
FN:56,(anonymous_4)
FN:66,(anonymous_5)
FN:73,(anonymous_6)
FN:107,(anonymous_7)
FN:118,(anonymous_8)
FN:129,(anonymous_9)
FN:137,(anonymous_10)
FN:152,(anonymous_11)
FN:169,(anonymous_12)
FN:180,getPool
FNF:14
FNH:0
FNDA:0,(anonymous_0)
FNDA:0,(anonymous_1)
FNDA:0,(anonymous_2)
FNDA:0,(anonymous_3)
FNDA:0,(anonymous_4)
FNDA:0,(anonymous_5)
FNDA:0,(anonymous_6)
FNDA:0,(anonymous_7)
FNDA:0,(anonymous_8)
FNDA:0,(anonymous_9)
FNDA:0,(anonymous_10)
FNDA:0,(anonymous_11)
FNDA:0,(anonymous_12)
FNDA:0,getPool
DA:14,0
DA:17,0
DA:19,0
DA:20,0
DA:26,0
DA:33,0
DA:36,0
DA:37,0
DA:38,0
DA:41,0
DA:42,0
DA:43,0
DA:44,0
DA:48,0
DA:49,0
DA:57,0
DA:58,0
DA:60,0
DA:67,0
DA:77,0
DA:78,0
DA:79,0
DA:80,0
DA:82,0
DA:88,0
DA:90,0
DA:96,0
DA:111,0
DA:112,0
DA:122,0
DA:123,0
DA:130,0
DA:131,0
DA:138,0
DA:139,0
DA:140,0
DA:141,0
DA:143,0
DA:144,0
DA:145,0
DA:158,0
DA:170,0
DA:171,0
DA:172,0
DA:177,0
DA:181,0
LF:46
LH:0
BRDA:19,0,0,0
BRDA:19,0,1,0
BRDA:42,1,0,0
BRDA:42,1,1,0
BRDA:57,2,0,0
BRDA:57,2,1,0
BRDA:123,3,0,0
BRDA:123,3,1,0
BRDA:131,4,0,0
BRDA:131,4,1,0
BRF:10
BRH:0
end_of_record
TN:
SF:src\database\repositories\BaseRepository.ts
FN:13,(anonymous_0)
FN:20,(anonymous_1)
FN:30,(anonymous_2)
FN:40,(anonymous_3)
FN:50,(anonymous_4)
FN:58,(anonymous_5)
FNF:6
FNH:0
FNDA:0,(anonymous_0)
FNDA:0,(anonymous_1)
FNDA:0,(anonymous_2)
FNDA:0,(anonymous_3)
FNDA:0,(anonymous_4)
FNDA:0,(anonymous_5)
DA:14,0
DA:24,0
DA:34,0
DA:44,0
DA:51,0
DA:61,0
DA:62,0
DA:63,0
DA:64,0
DA:66,0
DA:68,0
DA:69,0
DA:71,0
DA:73,0
DA:74,0
DA:75,0
DA:77,0
LF:17
LH:0
BRF:0
BRH:0
end_of_record
TN:
SF:src\database\repositories\JobRepository.ts
FN:58,(anonymous_0)
FN:78,(anonymous_1)
FN:131,(anonymous_2)
FN:190,(anonymous_3)
FN:215,(anonymous_4)
FN:240,(anonymous_5)
FN:257,(anonymous_6)
FN:274,(anonymous_7)
FN:291,(anonymous_8)
FN:324,(anonymous_9)
FN:376,(anonymous_10)
FN:407,(anonymous_11)
FN:421,(anonymous_12)
FN:429,(anonymous_13)
FNF:14
FNH:0
FNDA:0,(anonymous_0)
FNDA:0,(anonymous_1)
FNDA:0,(anonymous_2)
FNDA:0,(anonymous_3)
FNDA:0,(anonymous_4)
FNDA:0,(anonymous_5)
FNDA:0,(anonymous_6)
FNDA:0,(anonymous_7)
FNDA:0,(anonymous_8)
FNDA:0,(anonymous_9)
FNDA:0,(anonymous_10)
FNDA:0,(anonymous_11)
FNDA:0,(anonymous_12)
FNDA:0,(anonymous_13)
DA:59,0
DA:66,0
DA:68,0
DA:69,0
DA:72,0
DA:79,0
DA:101,0
DA:119,0
DA:121,0
DA:122,0
DA:125,0
DA:132,0
DA:133,0
DA:134,0
DA:136,0
DA:137,0
DA:138,0
DA:141,0
DA:142,0
DA:143,0
DA:146,0
DA:147,0
DA:148,0
DA:151,0
DA:152,0
DA:153,0
DA:154,0
DA:157,0
DA:158,0
DA:159,0
DA:162,0
DA:163,0
DA:166,0
DA:167,0
DA:169,0
DA:178,0
DA:180,0
DA:181,0
DA:184,0
DA:191,0
DA:192,0
DA:194,0
DA:203,0
DA:205,0
DA:206,0
DA:209,0
DA:216,0
DA:225,0
DA:227,0
DA:228,0
DA:234,0
DA:241,0
DA:251,0
DA:258,0
DA:268,0
DA:275,0
DA:285,0
DA:298,0
DA:318,0
DA:325,0
DA:326,0
DA:327,0
DA:329,0
DA:330,0
DA:331,0
DA:334,0
DA:335,0
DA:336,0
DA:339,0
DA:340,0
DA:341,0
DA:344,0
DA:345,0
DA:346,0
DA:349,0
DA:350,0
DA:351,0
DA:354,0
DA:355,0
DA:356,0
DA:358,0
DA:368,0
DA:370,0
DA:377,0
DA:378,0
DA:379,0
DA:381,0
DA:382,0
DA:383,0
DA:386,0
DA:387,0
DA:388,0
DA:391,0
DA:392,0
DA:393,0
DA:396,0
DA:398,0
DA:399,0
DA:401,0
DA:408,0
DA:414,0
DA:415,0
DA:422,0
DA:423,0
DA:430,0
DA:432,0
DA:434,0
DA:436,0
DA:438,0
LF:109
LH:0
BRDA:68,0,0,0
BRDA:68,0,1,0
BRDA:79,1,0,0
BRDA:79,1,1,0
BRDA:101,2,0,0
BRDA:101,2,1,0
BRDA:109,3,0,0
BRDA:109,3,1,0
BRDA:116,4,0,0
BRDA:116,4,1,0
BRDA:121,5,0,0
BRDA:121,5,1,0
BRDA:136,6,0,0
BRDA:136,6,1,0
BRDA:141,7,0,0
BRDA:141,7,1,0
BRDA:146,8,0,0
BRDA:146,8,1,0
BRDA:151,9,0,0
BRDA:151,9,1,0
BRDA:157,10,0,0
BRDA:157,10,1,0
BRDA:162,11,0,0
BRDA:162,11,1,0
BRDA:180,12,0,0
BRDA:180,12,1,0
BRDA:192,13,0,0
BRDA:192,13,1,0
BRDA:205,14,0,0
BRDA:205,14,1,0
BRDA:227,15,0,0
BRDA:227,15,1,0
BRDA:240,16,0,0
BRDA:240,17,0,0
BRDA:257,18,0,0
BRDA:257,19,0,0
BRDA:274,20,0,0
BRDA:274,21,0,0
BRDA:295,22,0,0
BRDA:296,23,0,0
BRDA:324,24,0,0
BRDA:329,25,0,0
BRDA:329,25,1,0
BRDA:334,26,0,0
BRDA:334,26,1,0
BRDA:339,27,0,0
BRDA:339,27,1,0
BRDA:344,28,0,0
BRDA:344,28,1,0
BRDA:349,29,0,0
BRDA:349,29,1,0
BRDA:354,30,0,0
BRDA:354,30,1,0
BRDA:355,31,0,0
BRDA:355,31,1,0
BRDA:356,32,0,0
BRDA:356,32,1,0
BRDA:376,33,0,0
BRDA:381,34,0,0
BRDA:381,34,1,0
BRDA:386,35,0,0
BRDA:386,35,1,0
BRDA:391,36,0,0
BRDA:391,36,1,0
BRDA:396,37,0,0
BRDA:396,37,1,0
BRDA:401,38,0,0
BRDA:401,38,1,0
BRDA:415,39,0,0
BRDA:415,39,1,0
BRDA:430,40,0,0
BRDA:430,40,1,0
BRDA:430,40,2,0
BRDA:430,40,3,0
BRF:74
BRH:0
end_of_record
TN:
SF:src\database\repositories\PaymentRepository.ts
FN:36,(anonymous_0)
FN:57,(anonymous_1)
FN:69,(anonymous_2)
FN:81,(anonymous_3)
FN:93,(anonymous_4)
FN:119,(anonymous_5)
FN:167,(anonymous_6)
FN:190,(anonymous_7)
FN:204,(anonymous_8)
FN:213,(anonymous_9)
FN:222,(anonymous_10)
FNF:11
FNH:0
FNDA:0,(anonymous_0)
FNDA:0,(anonymous_1)
FNDA:0,(anonymous_2)
FNDA:0,(anonymous_3)
FNDA:0,(anonymous_4)
FNDA:0,(anonymous_5)
FNDA:0,(anonymous_6)
FNDA:0,(anonymous_7)
FNDA:0,(anonymous_8)
FNDA:0,(anonymous_9)
FNDA:0,(anonymous_10)
DA:37,0
DA:42,0
DA:44,0
DA:45,0
DA:51,0
DA:58,0
DA:63,0
DA:70,0
DA:75,0
DA:82,0
DA:87,0
DA:94,0
DA:102,0
DA:109,0
DA:110,0
DA:113,0
DA:120,0
DA:121,0
DA:122,0
DA:124,0
DA:125,0
DA:126,0
DA:129,0
DA:130,0
DA:131,0
DA:134,0
DA:135,0
DA:136,0
DA:139,0
DA:140,0
DA:143,0
DA:145,0
DA:152,0
DA:154,0
DA:155,0
DA:161,0
DA:168,0
DA:175,0
DA:177,0
DA:178,0
DA:184,0
DA:191,0
DA:198,0
DA:205,0
DA:206,0
DA:207,0
DA:214,0
DA:215,0
DA:216,0
DA:223,0
DA:224,0
LF:51
LH:0
BRDA:44,0,0,0
BRDA:44,0,1,0
BRDA:104,1,0,0
BRDA:104,1,1,0
BRDA:105,2,0,0
BRDA:105,2,1,0
BRDA:109,3,0,0
BRDA:109,3,1,0
BRDA:124,4,0,0
BRDA:124,4,1,0
BRDA:129,5,0,0
BRDA:129,5,1,0
BRDA:134,6,0,0
BRDA:134,6,1,0
BRDA:139,7,0,0
BRDA:139,7,1,0
BRDA:154,8,0,0
BRDA:154,8,1,0
BRDA:177,9,0,0
BRDA:177,9,1,0
BRDA:190,10,0,0
BRDA:190,11,0,0
BRDA:207,12,0,0
BRDA:207,12,1,0
BRDA:216,13,0,0
BRDA:216,13,1,0
BRF:26
BRH:0
end_of_record
TN:
SF:src\database\repositories\ReviewRepository.ts
FN:34,(anonymous_0)
FN:55,(anonymous_1)
FN:67,(anonymous_2)
FN:81,(anonymous_3)
FN:96,(anonymous_4)
FN:108,(anonymous_5)
FN:132,(anonymous_6)
FN:175,(anonymous_7)
FN:189,(anonymous_8)
FN:203,(anonymous_9)
FN:216,(anonymous_10)
FN:225,(anonymous_11)
FNF:12
FNH:0
FNDA:0,(anonymous_0)
FNDA:0,(anonymous_1)
FNDA:0,(anonymous_2)
FNDA:0,(anonymous_3)
FNDA:0,(anonymous_4)
FNDA:0,(anonymous_5)
FNDA:0,(anonymous_6)
FNDA:0,(anonymous_7)
FNDA:0,(anonymous_8)
FNDA:0,(anonymous_9)
FNDA:0,(anonymous_10)
FNDA:0,(anonymous_11)
DA:35,0
DA:40,0
DA:42,0
DA:43,0
DA:49,0
DA:56,0
DA:61,0
DA:68,0
DA:75,0
DA:82,0
DA:90,0
DA:97,0
DA:102,0
DA:109,0
DA:115,0
DA:122,0
DA:123,0
DA:126,0
DA:133,0
DA:134,0
DA:135,0
DA:137,0
DA:138,0
DA:139,0
DA:142,0
DA:143,0
DA:144,0
DA:147,0
DA:148,0
DA:151,0
DA:153,0
DA:160,0
DA:162,0
DA:163,0
DA:169,0
DA:176,0
DA:182,0
DA:183,0
DA:190,0
DA:196,0
DA:197,0
DA:204,0
DA:210,0
DA:217,0
DA:218,0
DA:219,0
DA:226,0
DA:227,0
LF:48
LH:0
BRDA:42,0,0,0
BRDA:42,0,1,0
BRDA:67,1,0,0
BRDA:67,2,0,0
BRDA:81,3,0,0
BRDA:81,4,0,0
BRDA:119,5,0,0
BRDA:119,5,1,0
BRDA:122,6,0,0
BRDA:122,6,1,0
BRDA:137,7,0,0
BRDA:137,7,1,0
BRDA:142,8,0,0
BRDA:142,8,1,0
BRDA:147,9,0,0
BRDA:147,9,1,0
BRDA:162,10,0,0
BRDA:162,10,1,0
BRDA:183,11,0,0
BRDA:183,11,1,0
BRDA:197,12,0,0
BRDA:197,12,1,0
BRDA:203,13,0,0
BRDA:203,14,0,0
BRDA:219,15,0,0
BRDA:219,15,1,0
BRF:26
BRH:0
end_of_record
TN:
SF:src\database\repositories\RunnerRepository.ts
FN:63,(anonymous_0)
FN:87,(anonymous_1)
FN:102,(anonymous_2)
FN:114,(anonymous_3)
FN:175,(anonymous_4)
FN:248,(anonymous_5)
FN:307,(anonymous_6)
FN:340,(anonymous_7)
FN:419,(anonymous_8)
FN:436,(anonymous_9)
FN:445,(anonymous_10)
FNF:11
FNH:0
FNDA:0,(anonymous_0)
FNDA:0,(anonymous_1)
FNDA:0,(anonymous_2)
FNDA:0,(anonymous_3)
FNDA:0,(anonymous_4)
FNDA:0,(anonymous_5)
FNDA:0,(anonymous_6)
FNDA:0,(anonymous_7)
FNDA:0,(anonymous_8)
FNDA:0,(anonymous_9)
FNDA:0,(anonymous_10)
DA:64,0
DA:72,0
DA:74,0
DA:75,0
DA:81,0
DA:88,0
DA:96,0
DA:103,0
DA:108,0
DA:115,0
DA:141,0
DA:163,0
DA:165,0
DA:166,0
DA:169,0
DA:176,0
DA:177,0
DA:178,0
DA:180,0
DA:181,0
DA:182,0
DA:185,0
DA:186,0
DA:187,0
DA:190,0
DA:191,0
DA:192,0
DA:195,0
DA:196,0
DA:197,0
DA:200,0
DA:201,0
DA:202,0
DA:205,0
DA:206,0
DA:207,0
DA:208,0
DA:211,0
DA:212,0
DA:213,0
DA:216,0
DA:217,0
DA:220,0
DA:221,0
DA:223,0
DA:233,0
DA:235,0
DA:236,0
DA:242,0
DA:256,0
DA:257,0
DA:258,0
DA:260,0
DA:261,0
DA:262,0
DA:265,0
DA:266,0
DA:267,0
DA:270,0
DA:271,0
DA:272,0
DA:275,0
DA:276,0
DA:279,0
DA:280,0
DA:282,0
DA:292,0
DA:294,0
DA:295,0
DA:301,0
DA:314,0
DA:334,0
DA:341,0
DA:342,0
DA:343,0
DA:345,0
DA:346,0
DA:347,0
DA:350,0
DA:351,0
DA:352,0
DA:355,0
DA:356,0
DA:357,0
DA:360,0
DA:361,0
DA:362,0
DA:366,0
DA:367,0
DA:368,0
DA:375,0
DA:376,0
DA:379,0
DA:380,0
DA:381,0
DA:385,0
DA:387,0
DA:389,0
DA:393,0
DA:394,0
DA:395,0
DA:397,0
DA:400,0
DA:411,0
DA:413,0
DA:420,0
DA:430,0
DA:437,0
DA:438,0
DA:439,0
DA:446,0
DA:447,0
LF:112
LH:0
BRDA:74,0,0,0
BRDA:74,0,1,0
BRDA:115,1,0,0
BRDA:115,1,1,0
BRDA:141,2,0,0
BRDA:141,2,1,0
BRDA:145,3,0,0
BRDA:145,3,1,0
BRDA:146,4,0,0
BRDA:146,4,1,0
BRDA:147,5,0,0
BRDA:147,5,1,0
BRDA:148,6,0,0
BRDA:148,6,1,0
BRDA:151,7,0,0
BRDA:151,7,1,0
BRDA:156,8,0,0
BRDA:156,8,1,0
BRDA:157,9,0,0
BRDA:157,9,1,0
BRDA:158,10,0,0
BRDA:158,10,1,0
BRDA:159,11,0,0
BRDA:159,11,1,0
BRDA:160,12,0,0
BRDA:160,12,1,0
BRDA:165,13,0,0
BRDA:165,13,1,0
BRDA:180,14,0,0
BRDA:180,14,1,0
BRDA:185,15,0,0
BRDA:185,15,1,0
BRDA:190,16,0,0
BRDA:190,16,1,0
BRDA:195,17,0,0
BRDA:195,17,1,0
BRDA:200,18,0,0
BRDA:200,18,1,0
BRDA:205,19,0,0
BRDA:205,19,1,0
BRDA:211,20,0,0
BRDA:211,20,1,0
BRDA:216,21,0,0
BRDA:216,21,1,0
BRDA:235,22,0,0
BRDA:235,22,1,0
BRDA:260,23,0,0
BRDA:260,23,1,0
BRDA:265,24,0,0
BRDA:265,24,1,0
BRDA:270,25,0,0
BRDA:270,25,1,0
BRDA:275,26,0,0
BRDA:275,26,1,0
BRDA:294,27,0,0
BRDA:294,27,1,0
BRDA:311,28,0,0
BRDA:312,29,0,0
BRDA:340,30,0,0
BRDA:345,31,0,0
BRDA:345,31,1,0
BRDA:345,32,0,0
BRDA:345,32,1,0
BRDA:350,33,0,0
BRDA:350,33,1,0
BRDA:355,34,0,0
BRDA:355,34,1,0
BRDA:360,35,0,0
BRDA:360,35,1,0
BRDA:366,36,0,0
BRDA:366,36,1,0
BRDA:366,37,0,0
BRDA:366,37,1,0
BRDA:366,37,2,0
BRDA:379,38,0,0
BRDA:379,38,1,0
BRDA:380,39,0,0
BRDA:380,39,1,0
BRDA:381,40,0,0
BRDA:381,40,1,0
BRDA:387,41,0,0
BRDA:387,41,1,0
BRDA:387,42,0,0
BRDA:387,42,1,0
BRDA:419,43,0,0
BRDA:419,44,0,0
BRDA:439,45,0,0
BRDA:439,45,1,0
BRF:88
BRH:0
end_of_record
TN:
SF:src\database\repositories\UserRepository.ts
FN:36,(anonymous_0)
FN:48,(anonymous_1)
FN:60,(anonymous_2)
FN:78,(anonymous_3)
FN:90,(anonymous_4)
FN:110,(anonymous_5)
FN:156,(anonymous_6)
FN:164,(anonymous_7)
FN:173,(anonymous_8)
FNF:9
FNH:0
FNDA:0,(anonymous_0)
FNDA:0,(anonymous_1)
FNDA:0,(anonymous_2)
FNDA:0,(anonymous_3)
FNDA:0,(anonymous_4)
FNDA:0,(anonymous_5)
FNDA:0,(anonymous_6)
FNDA:0,(anonymous_7)
FNDA:0,(anonymous_8)
DA:37,0
DA:42,0
DA:49,0
DA:54,0
DA:61,0
DA:66,0
DA:68,0
DA:69,0
DA:72,0
DA:79,0
DA:84,0
DA:91,0
DA:97,0
DA:104,0
DA:111,0
DA:112,0
DA:113,0
DA:115,0
DA:116,0
DA:117,0
DA:120,0
DA:121,0
DA:122,0
DA:125,0
DA:126,0
DA:127,0
DA:130,0
DA:131,0
DA:134,0
DA:135,0
DA:137,0
DA:144,0
DA:146,0
DA:147,0
DA:150,0
DA:157,0
DA:158,0
DA:165,0
DA:166,0
DA:167,0
DA:174,0
DA:180,0
LF:42
LH:0
BRDA:68,0,0,0
BRDA:68,0,1,0
BRDA:101,1,0,0
BRDA:101,1,1,0
BRDA:115,2,0,0
BRDA:115,2,1,0
BRDA:120,3,0,0
BRDA:120,3,1,0
BRDA:125,4,0,0
BRDA:125,4,1,0
BRDA:130,5,0,0
BRDA:130,5,1,0
BRDA:146,6,0,0
BRDA:146,6,1,0
BRDA:167,7,0,0
BRDA:167,7,1,0
BRDA:173,8,0,0
BRDA:173,9,0,0
BRF:18
BRH:0
end_of_record
TN:
SF:src\errors\AppError.ts
FN:18,(anonymous_0)
FN:38,(anonymous_1)
FN:51,(anonymous_2)
FN:64,(anonymous_3)
FN:77,(anonymous_4)
FN:90,(anonymous_5)
FN:103,(anonymous_6)
FN:119,(anonymous_7)
FNF:8
FNH:0
FNDA:0,(anonymous_0)
FNDA:0,(anonymous_1)
FNDA:0,(anonymous_2)
FNDA:0,(anonymous_3)
FNDA:0,(anonymous_4)
FNDA:0,(anonymous_5)
FNDA:0,(anonymous_6)
FNDA:0,(anonymous_7)
DA:19,0
DA:20,0
DA:21,0
DA:23,0
DA:26,0
DA:27,0
DA:38,0
DA:39,0
DA:40,0
DA:52,0
DA:53,0
DA:65,0
DA:66,0
DA:78,0
DA:79,0
DA:91,0
DA:92,0
DA:105,0
DA:107,0
DA:108,0
DA:120,0
DA:121,0
LF:22
LH:0
BRDA:21,0,0,0
BRDA:51,1,0,0
BRDA:64,2,0,0
BRDA:77,3,0,0
BRDA:90,4,0,0
BRDA:104,5,0,0
BRDA:119,6,0,0
BRF:7
BRH:0
end_of_record
TN:
SF:src\middleware\abuse-prevention.ts
FN:27,ipRateLimit
FN:28,(anonymous_1)
FN:52,contentSpamPrevention
FN:53,(anonymous_3)
FN:86,jobCreationLimit
FN:87,(anonymous_5)
FN:112,validatePaymentAmount
FN:113,(anonymous_7)
FN:142,sanitizeInput
FN:143,(anonymous_9)
FN:146,(anonymous_10)
FN:166,validateGeolocation
FN:167,(anonymous_12)
FN:174,(anonymous_13)
FN:201,hashContent
FN:216,detectSuspiciousActivity
FN:217,(anonymous_16)
FN:243,abusePreventionSuite
FNF:18
FNH:0
FNDA:0,ipRateLimit
FNDA:0,(anonymous_1)
FNDA:0,contentSpamPrevention
FNDA:0,(anonymous_3)
FNDA:0,jobCreationLimit
FNDA:0,(anonymous_5)
FNDA:0,validatePaymentAmount
FNDA:0,(anonymous_7)
FNDA:0,sanitizeInput
FNDA:0,(anonymous_9)
FNDA:0,(anonymous_10)
FNDA:0,validateGeolocation
FNDA:0,(anonymous_12)
FNDA:0,(anonymous_13)
FNDA:0,hashContent
FNDA:0,detectSuspiciousActivity
FNDA:0,(anonymous_16)
FNDA:0,abusePreventionSuite
DA:12,0
DA:15,0
DA:28,0
DA:29,0
DA:30,0
DA:32,0
DA:34,0
DA:35,0
DA:40,0
DA:43,0
DA:44,0
DA:53,0
DA:54,0
DA:56,0
DA:57,0
DA:58,0
DA:62,0
DA:63,0
DA:64,0
DA:66,0
DA:69,0
DA:70,0
DA:74,0
DA:77,0
DA:78,0
DA:87,0
DA:88,0
DA:89,0
DA:91,0
DA:94,0
DA:95,0
DA:100,0
DA:103,0
DA:104,0
DA:113,0
DA:114,0
DA:116,0
DA:117,0
DA:118,0
DA:121,0
DA:124,0
DA:125,0
DA:131,0
DA:134,0
DA:143,0
DA:145,0
DA:146,0
DA:147,0
DA:149,0
DA:158,0
DA:167,0
DA:168,0
DA:170,0
DA:174,0
DA:176,0
DA:177,0
DA:178,0
DA:182,0
DA:185,0
DA:186,0
DA:190,0
DA:194,0
DA:203,0
DA:204,0
DA:205,0
DA:206,0
DA:207,0
DA:209,0
DA:217,0
DA:218,0
DA:219,0
DA:222,0
DA:228,0
DA:230,0
DA:231,0
DA:235,0
DA:244,0
LF:77
LH:0
BRDA:29,0,0,0
BRDA:29,0,1,0
BRDA:29,0,2,0
BRDA:32,1,0,0
BRDA:32,1,1,0
BRDA:34,2,0,0
BRDA:34,2,1,0
BRDA:52,3,0,0
BRDA:56,4,0,0
BRDA:56,4,1,0
BRDA:63,5,0,0
BRDA:63,5,1,0
BRDA:63,5,2,0
BRDA:66,6,0,0
BRDA:66,6,1,0
BRDA:69,7,0,0
BRDA:69,7,1,0
BRDA:88,8,0,0
BRDA:88,8,1,0
BRDA:88,8,2,0
BRDA:91,9,0,0
BRDA:91,9,1,0
BRDA:94,10,0,0
BRDA:94,10,1,0
BRDA:114,11,0,0
BRDA:114,11,1,0
BRDA:116,12,0,0
BRDA:116,12,1,0
BRDA:124,13,0,0
BRDA:124,13,1,0
BRDA:124,14,0,0
BRDA:124,14,1,0
BRDA:145,15,0,0
BRDA:145,15,1,0
BRDA:147,16,0,0
BRDA:147,16,1,0
BRDA:174,17,0,0
BRDA:174,17,1,0
BRDA:177,18,0,0
BRDA:177,18,1,0
BRDA:177,19,0,0
BRDA:177,19,1,0
BRDA:185,20,0,0
BRDA:185,20,1,0
BRDA:185,21,0,0
BRDA:185,21,1,0
BRDA:218,22,0,0
BRDA:218,22,1,0
BRDA:218,22,2,0
BRDA:219,23,0,0
BRDA:219,23,1,0
BRDA:223,24,0,0
BRDA:223,24,1,0
BRDA:224,25,0,0
BRDA:224,25,1,0
BRDA:230,26,0,0
BRDA:230,26,1,0
BRF:57
BRH:0
end_of_record
TN:
SF:src\middleware\auth.secure.ts
FN:27,blacklistToken
FN:37,isTokenBlacklisted
FN:53,authenticate
FN:180,optionalAuth
FN:242,authorize
FN:243,(anonymous_5)
FN:291,requireOwnership
FN:296,(anonymous_7)
FN:378,createRateLimiter
FN:385,(anonymous_9)
FNF:10
FNH:0
FNDA:0,blacklistToken
FNDA:0,isTokenBlacklisted
FNDA:0,authenticate
FNDA:0,optionalAuth
FNDA:0,authorize
FNDA:0,(anonymous_5)
FNDA:0,requireOwnership
FNDA:0,(anonymous_7)
FNDA:0,createRateLimiter
FNDA:0,(anonymous_9)
DA:22,0
DA:28,0
DA:38,0
DA:58,0
DA:60,0
DA:62,0
DA:63,0
DA:67,0
DA:71,0
DA:72,0
DA:76,0
DA:81,0
DA:82,0
DA:84,0
DA:85,0
DA:89,0
DA:93,0
DA:94,0
DA:95,0
DA:98,0
DA:107,0
DA:110,0
DA:111,0
DA:115,0
DA:119,0
DA:120,0
DA:124,0
DA:128,0
DA:129,0
DA:133,0
DA:138,0
DA:144,0
DA:145,0
DA:148,0
DA:150,0
DA:157,0
DA:185,0
DA:186,0
DA:189,0
DA:190,0
DA:191,0
DA:195,0
DA:196,0
DA:197,0
DA:201,0
DA:202,0
DA:204,0
DA:205,0
DA:212,0
DA:213,0
DA:214,0
DA:215,0
DA:219,0
DA:223,0
DA:243,0
DA:245,0
DA:246,0
DA:250,0
DA:254,0
DA:256,0
DA:265,0
DA:269,0
DA:272,0
DA:296,0
DA:297,0
DA:299,0
DA:300,0
DA:303,0
DA:307,0
DA:308,0
DA:309,0
DA:313,0
DA:315,0
DA:316,0
DA:319,0
DA:323,0
DA:324,0
DA:325,0
DA:328,0
DA:333,0
DA:334,0
DA:337,0
DA:340,0
DA:343,0
DA:345,0
DA:354,0
DA:358,0
DA:361,0
DA:363,0
DA:364,0
DA:383,0
DA:385,0
DA:386,0
DA:387,0
DA:390,0
DA:393,0
DA:394,0
DA:398,0
DA:402,0
DA:405,0
DA:406,0
DA:408,0
DA:413,0
DA:417,0
DA:418,0
DA:419,0
DA:421,0
LF:107
LH:0
BRDA:62,0,0,0
BRDA:62,0,1,0
BRDA:71,1,0,0
BRDA:71,1,1,0
BRDA:84,2,0,0
BRDA:84,2,1,0
BRDA:94,3,0,0
BRDA:94,3,1,0
BRDA:110,4,0,0
BRDA:110,4,1,0
BRDA:119,5,0,0
BRDA:119,5,1,0
BRDA:128,6,0,0
BRDA:128,6,1,0
BRDA:151,7,0,0
BRDA:151,7,1,0
BRDA:189,8,0,0
BRDA:189,8,1,0
BRDA:195,9,0,0
BRDA:195,9,1,0
BRDA:204,10,0,0
BRDA:204,10,1,0
BRDA:213,11,0,0
BRDA:213,11,1,0
BRDA:245,12,0,0
BRDA:245,12,1,0
BRDA:254,13,0,0
BRDA:254,13,1,0
BRDA:292,14,0,0
BRDA:294,15,0,0
BRDA:299,16,0,0
BRDA:299,16,1,0
BRDA:307,17,0,0
BRDA:307,17,1,0
BRDA:315,18,0,0
BRDA:315,18,1,0
BRDA:324,19,0,0
BRDA:324,19,1,0
BRDA:333,20,0,0
BRDA:333,20,1,0
BRDA:343,21,0,0
BRDA:343,21,1,0
BRDA:386,22,0,0
BRDA:386,22,1,0
BRDA:393,23,0,0
BRDA:393,23,1,0
BRDA:393,24,0,0
BRDA:393,24,1,0
BRDA:405,25,0,0
BRDA:405,25,1,0
BRDA:410,26,0,0
BRDA:410,26,1,0
BRF:52
BRH:0
end_of_record
TN:
SF:src\middleware\auth.ts
FN:18,blacklistToken
FN:25,isTokenBlacklisted
FN:42,authenticate
FN:130,optionalAuth
FN:170,authorize
FN:171,(anonymous_5)
FN:195,requireOwnership
FN:196,(anonymous_7)
FNF:8
FNH:0
FNDA:0,blacklistToken
FNDA:0,isTokenBlacklisted
FNDA:0,authenticate
FNDA:0,optionalAuth
FNDA:0,authorize
FNDA:0,(anonymous_5)
FNDA:0,requireOwnership
FNDA:0,(anonymous_7)
DA:13,0
DA:19,0
DA:26,0
DA:47,0
DA:49,0
DA:51,0
DA:52,0
DA:56,0
DA:60,0
DA:61,0
DA:65,0
DA:70,0
DA:71,0
DA:73,0
DA:74,0
DA:78,0
DA:82,0
DA:83,0
DA:84,0
DA:87,0
DA:95,0
DA:98,0
DA:99,0
DA:103,0
DA:107,0
DA:108,0
DA:111,0
DA:113,0
DA:120,0
DA:135,0
DA:136,0
DA:138,0
DA:139,0
DA:140,0
DA:143,0
DA:144,0
DA:146,0
DA:147,0
DA:152,0
DA:153,0
DA:154,0
DA:155,0
DA:159,0
DA:162,0
DA:171,0
DA:172,0
DA:173,0
DA:176,0
DA:179,0
DA:180,0
DA:184,0
DA:187,0
DA:196,0
DA:197,0
DA:198,0
DA:201,0
DA:204,0
DA:207,0
DA:208,0
DA:209,0
DA:214,0
DA:215,0
LF:62
LH:0
BRDA:51,0,0,0
BRDA:51,0,1,0
BRDA:60,1,0,0
BRDA:60,1,1,0
BRDA:73,2,0,0
BRDA:73,2,1,0
BRDA:83,3,0,0
BRDA:83,3,1,0
BRDA:98,4,0,0
BRDA:98,4,1,0
BRDA:114,5,0,0
BRDA:114,5,1,0
BRDA:138,6,0,0
BRDA:138,6,1,0
BRDA:146,7,0,0
BRDA:146,7,1,0
BRDA:153,8,0,0
BRDA:153,8,1,0
BRDA:172,9,0,0
BRDA:172,9,1,0
BRDA:179,10,0,0
BRDA:179,10,1,0
BRDA:195,11,0,0
BRDA:197,12,0,0
BRDA:197,12,1,0
BRDA:207,13,0,0
BRDA:207,13,1,0
BRF:27
BRH:0
end_of_record
TN:
SF:src\middleware\errorHandler.ts
FN:27,errorHandler
FN:110,asyncHandler
FN:113,(anonymous_2)
FN:128,notFoundHandler
FN:145,sanitizeBody
FN:180,setupUnhandledRejectionHandler
FN:181,(anonymous_6)
FN:205,setupUncaughtExceptionHandler
FN:206,(anonymous_8)
FNF:9
FNH:0
FNDA:0,errorHandler
FNDA:0,asyncHandler
FNDA:0,(anonymous_2)
FNDA:0,notFoundHandler
FNDA:0,sanitizeBody
FNDA:0,setupUnhandledRejectionHandler
FNDA:0,(anonymous_6)
FNDA:0,setupUncaughtExceptionHandler
FNDA:0,(anonymous_8)
DA:35,0
DA:54,0
DA:56,0
DA:59,0
DA:63,0
DA:66,0
DA:69,0
DA:71,0
DA:81,0
DA:83,0
DA:90,0
DA:113,0
DA:114,0
DA:132,0
DA:146,0
DA:147,0
DA:150,0
DA:163,0
DA:165,0
DA:166,0
DA:167,0
DA:171,0
DA:181,0
DA:182,0
DA:206,0
DA:207,0
DA:220,0
DA:221,0
LF:28
LH:0
BRDA:54,0,0,0
BRDA:54,0,1,0
BRDA:54,1,0,0
BRDA:54,1,1,0
BRDA:63,2,0,0
BRDA:63,2,1,0
BRDA:66,3,0,0
BRDA:66,3,1,0
BRDA:73,4,0,0
BRDA:73,4,1,0
BRDA:81,5,0,0
BRDA:81,5,1,0
BRDA:146,6,0,0
BRDA:146,6,1,0
BRDA:146,7,0,0
BRDA:146,7,1,0
BRDA:166,8,0,0
BRDA:166,8,1,0
BRDA:184,9,0,0
BRDA:184,9,1,0
BRF:20
BRH:0
end_of_record
TN:
SF:src\middleware\payment-validation.ts
FN:21,validatePaymentProof
FN:112,validateVerificationUpdate
FN:152,validateInvoiceCreation
FN:195,rateLimitPayments
FN:234,(anonymous_4)
FNF:5
FNH:0
FNDA:0,validatePaymentProof
FNDA:0,validateVerificationUpdate
FNDA:0,validateInvoiceCreation
FNDA:0,rateLimitPayments
FNDA:0,(anonymous_4)
DA:26,0
DA:29,0
DA:30,0
DA:34,0
DA:38,0
DA:39,0
DA:40,0
DA:44,0
DA:48,0
DA:49,0
DA:53,0
DA:57,0
DA:59,0
DA:60,0
DA:64,0
DA:68,0
DA:70,0
DA:71,0
DA:75,0
DA:79,0
DA:80,0
DA:81,0
DA:83,0
DA:84,0
DA:88,0
DA:92,0
DA:93,0
DA:95,0
DA:96,0
DA:100,0
DA:105,0
DA:117,0
DA:119,0
DA:120,0
DA:124,0
DA:128,0
DA:129,0
DA:133,0
DA:137,0
DA:138,0
DA:139,0
DA:143,0
DA:146,0
DA:157,0
DA:159,0
DA:160,0
DA:164,0
DA:168,0
DA:169,0
DA:173,0
DA:177,0
DA:178,0
DA:179,0
DA:183,0
DA:186,0
DA:193,0
DA:200,0
DA:201,0
DA:202,0
DA:203,0
DA:205,0
DA:207,0
DA:209,0
DA:213,0
DA:214,0
DA:217,0
DA:218,0
DA:223,0
DA:227,0
DA:228,0
DA:234,0
DA:235,0
DA:236,0
DA:237,0
DA:238,0
LF:75
LH:0
BRDA:29,0,0,0
BRDA:29,0,1,0
BRDA:29,1,0,0
BRDA:29,1,1,0
BRDA:29,1,2,0
BRDA:39,2,0,0
BRDA:39,2,1,0
BRDA:48,3,0,0
BRDA:48,3,1,0
BRDA:57,4,0,0
BRDA:57,4,1,0
BRDA:57,5,0,0
BRDA:57,5,1,0
BRDA:59,6,0,0
BRDA:59,6,1,0
BRDA:68,7,0,0
BRDA:68,7,1,0
BRDA:70,8,0,0
BRDA:70,8,1,0
BRDA:79,9,0,0
BRDA:79,9,1,0
BRDA:83,10,0,0
BRDA:83,10,1,0
BRDA:95,11,0,0
BRDA:95,11,1,0
BRDA:95,12,0,0
BRDA:95,12,1,0
BRDA:119,13,0,0
BRDA:119,13,1,0
BRDA:119,14,0,0
BRDA:119,14,1,0
BRDA:128,15,0,0
BRDA:128,15,1,0
BRDA:138,16,0,0
BRDA:138,16,1,0
BRDA:159,17,0,0
BRDA:159,17,1,0
BRDA:159,18,0,0
BRDA:159,18,1,0
BRDA:168,19,0,0
BRDA:168,19,1,0
BRDA:168,20,0,0
BRDA:168,20,1,0
BRDA:178,21,0,0
BRDA:178,21,1,0
BRDA:200,22,0,0
BRDA:200,22,1,0
BRDA:207,23,0,0
BRDA:207,23,1,0
BRDA:207,24,0,0
BRDA:207,24,1,0
BRDA:217,25,0,0
BRDA:217,25,1,0
BRDA:237,26,0,0
BRDA:237,26,1,0
BRF:55
BRH:0
end_of_record
TN:
SF:src\middleware\rateLimiter.ts
FNF:0
FNH:0
DA:12,0
DA:27,0
DA:41,0
DA:54,0
LF:4
LH:0
BRF:0
BRH:0
end_of_record
TN:
SF:src\middleware\sanitize.ts
FN:12,sanitizeError
FN:51,sanitizeInput
FN:65,sanitizeBody
FN:67,(anonymous_3)
FNF:4
FNH:0
FNDA:0,sanitizeError
FNDA:0,sanitizeInput
FNDA:0,sanitizeBody
FNDA:0,(anonymous_3)
DA:18,0
DA:21,0
DA:29,0
DA:32,0
DA:34,0
DA:35,0
DA:38,0
DA:52,0
DA:54,0
DA:66,0
DA:67,0
DA:68,0
DA:70,0
DA:71,0
DA:72,0
DA:77,0
LF:16
LH:0
BRDA:23,0,0,0
BRDA:23,0,1,0
BRDA:29,1,0,0
BRDA:29,1,1,0
BRDA:29,1,2,0
BRDA:32,2,0,0
BRDA:32,2,1,0
BRDA:34,3,0,0
BRDA:34,3,1,0
BRDA:34,4,0,0
BRDA:34,4,1,0
BRDA:42,5,0,0
BRDA:42,5,1,0
BRDA:52,6,0,0
BRDA:52,6,1,0
BRDA:66,7,0,0
BRDA:66,7,1,0
BRDA:66,8,0,0
BRDA:66,8,1,0
BRDA:68,9,0,0
BRDA:68,9,1,0
BRDA:71,10,0,0
BRDA:71,10,1,0
BRF:23
BRH:0
end_of_record
TN:
SF:src\middleware\validate.ts
FN:30,validate
FN:31,(anonymous_1)
FN:44,(anonymous_2)
FN:50,(anonymous_3)
FN:63,validateBody
FN:64,(anonymous_5)
FN:71,(anonymous_6)
FN:76,(anonymous_7)
FN:89,validateQuery
FN:90,(anonymous_9)
FN:97,(anonymous_10)
FN:102,(anonymous_11)
FN:170,(anonymous_12)
FN:182,(anonymous_13)
FN:189,(anonymous_14)
FN:199,(anonymous_15)
FN:205,(anonymous_16)
FNF:17
FNH:0
FNDA:0,validate
FNDA:0,(anonymous_1)
FNDA:0,(anonymous_2)
FNDA:0,(anonymous_3)
FNDA:0,validateBody
FNDA:0,(anonymous_5)
FNDA:0,(anonymous_6)
FNDA:0,(anonymous_7)
FNDA:0,validateQuery
FNDA:0,(anonymous_9)
FNDA:0,(anonymous_10)
FNDA:0,(anonymous_11)
FNDA:0,(anonymous_12)
FNDA:0,(anonymous_13)
FNDA:0,(anonymous_14)
FNDA:0,(anonymous_15)
FNDA:0,(anonymous_16)
DA:31,0
DA:32,0
DA:34,0
DA:40,0
DA:42,0
DA:44,0
DA:50,0
DA:52,0
DA:54,0
DA:64,0
DA:65,0
DA:66,0
DA:67,0
DA:68,0
DA:70,0
DA:71,0
DA:76,0
DA:78,0
DA:80,0
DA:90,0
DA:91,0
DA:92,0
DA:93,0
DA:94,0
DA:96,0
DA:97,0
DA:102,0
DA:104,0
DA:106,0
DA:117,0
DA:170,0
DA:178,0
DA:183,0
DA:190,0
DA:199,0
DA:206,0
LF:36
LH:0
BRDA:42,0,0,0
BRDA:42,0,1,0
BRDA:70,1,0,0
BRDA:70,1,1,0
BRDA:96,2,0,0
BRDA:96,2,1,0
BRDA:199,3,0,0
BRDA:199,3,1,0
BRF:8
BRH:0
end_of_record
TN:
SF:src\middleware\webhook-validation.ts
FN:15,validateWebhookSignature
FN:143,generateWebhookSignature
FN:161,verifyWebhookSignature
FNF:3
FNH:3
FNDA:7,validateWebhookSignature
FNDA:12,generateWebhookSignature
FNDA:9,verifyWebhookSignature
DA:8,1
DA:9,1
DA:15,1
DA:20,7
DA:21,7
DA:22,7
DA:25,7
DA:26,2
DA:32,2
DA:36,2
DA:40,5
DA:41,5
DA:42,5
DA:44,5
DA:45,1
DA:52,1
DA:56,1
DA:60,4
DA:62,4
DA:63,2
DA:66,2
DA:67,1
DA:68,1
DA:69,1
DA:72,1
DA:76,1
DA:81,2
DA:82,2
DA:88,2
DA:89,1
DA:95,1
DA:99,1
DA:103,1
DA:108,1
DA:109,0
DA:115,0
DA:119,0
DA:123,1
DA:128,1
DA:130,0
DA:132,0
DA:143,1
DA:147,12
DA:148,12
DA:150,12
DA:155,12
DA:161,1
DA:167,9
DA:169,9
DA:170,9
DA:172,9
DA:173,3
DA:177,6
DA:178,6
DA:184,6
DA:189,0
DA:190,0
LF:57
LH:50
BRDA:25,0,0,2
BRDA:25,0,1,5
BRDA:25,1,0,7
BRDA:25,1,1,6
BRDA:44,2,0,1
BRDA:44,2,1,4
BRDA:62,3,0,2
BRDA:62,3,1,2
BRDA:66,4,0,1
BRDA:66,4,1,1
BRDA:88,5,0,1
BRDA:88,5,1,1
BRDA:108,6,0,0
BRDA:108,6,1,1
BRDA:172,7,0,3
BRDA:172,7,1,6
BRF:16
BRH:15
end_of_record
TN:
SF:src\middleware\error\asyncHandler.ts
FN:19,(anonymous_0)
FN:20,(anonymous_1)
FNF:2
FNH:0
FNDA:0,(anonymous_0)
FNDA:0,(anonymous_1)
DA:19,0
DA:20,0
DA:21,0
LF:3
LH:0
BRF:0
BRH:0
end_of_record
TN:
SF:src\middleware\error\errorHandler.ts
FN:15,(anonymous_0)
FN:75,(anonymous_1)
FNF:2
FNH:0
FNDA:0,(anonymous_0)
FNDA:0,(anonymous_1)
DA:15,0
DA:22,0
DA:23,0
DA:31,0
DA:40,0
DA:41,0
DA:44,0
DA:45,0
DA:49,0
DA:58,0
DA:62,0
DA:75,0
DA:79,0
DA:84,0
LF:14
LH:0
BRDA:22,0,0,0
BRDA:22,0,1,0
BRDA:22,1,0,0
BRDA:22,1,1,0
BRDA:40,2,0,0
BRDA:40,2,1,0
BRDA:40,3,0,0
BRDA:40,3,1,0
BRDA:58,4,0,0
BRDA:58,4,1,0
BRF:10
BRH:0
end_of_record
TN:
SF:src\middleware\validation\validateRequest.ts
FN:14,(anonymous_0)
FNF:1
FNH:0
FNDA:0,(anonymous_0)
DA:14,0
DA:19,0
DA:21,0
DA:22,0
DA:29,0
LF:5
LH:0
BRDA:21,0,0,0
BRDA:21,0,1,0
BRF:2
BRH:0
end_of_record
TN:
SF:src\routes\admin.ts
FN:21,(anonymous_0)
FNF:1
FNH:0
FNDA:0,(anonymous_0)
DA:12,0
DA:14,0
DA:15,0
DA:21,0
DA:22,0
DA:23,0
DA:24,0
DA:25,0
DA:28,0
DA:31,0
DA:34,0
DA:35,0
DA:36,0
DA:40,0
DA:43,0
DA:51,0
DA:57,0
DA:58,0
DA:66,0
DA:67,0
DA:68,0
DA:72,0
DA:75,0
DA:81,0
DA:87,0
DA:88,0
DA:95,0
DA:101,0
DA:102,0
LF:29
LH:0
BRDA:24,0,0,0
BRDA:24,0,1,0
BRDA:61,1,0,0
BRDA:61,1,1,0
BRDA:91,2,0,0
BRDA:91,2,1,0
BRDA:104,3,0,0
BRDA:104,3,1,0
BRF:8
BRH:0
end_of_record
TN:
SF:src\routes\auth-simple-refactored.routes.ts
FNF:0
FNH:0
DA:18,0
DA:21,0
DA:22,0
DA:23,0
DA:24,0
DA:25,0
DA:32,0
DA:59,0
DA:79,0
DA:90,0
LF:10
LH:0
BRF:0
BRH:0
end_of_record
TN:
SF:src\routes\auth-simple.routes.ts
FN:27,(anonymous_0)
FN:109,(anonymous_1)
FN:186,(anonymous_2)
FN:230,(anonymous_3)
FNF:4
FNH:0
FNDA:0,(anonymous_0)
FNDA:0,(anonymous_1)
FNDA:0,(anonymous_2)
FNDA:0,(anonymous_3)
DA:15,0
DA:21,0
DA:28,0
DA:29,0
DA:30,0
DA:31,0
DA:35,0
DA:38,0
DA:39,0
DA:40,0
DA:41,0
DA:42,0
DA:46,0
DA:51,0
DA:52,0
DA:56,0
DA:60,0
DA:63,0
DA:70,0
DA:73,0
DA:78,0
DA:89,0
DA:90,0
DA:91,0
DA:104,0
DA:110,0
DA:111,0
DA:112,0
DA:113,0
DA:117,0
DA:120,0
DA:121,0
DA:122,0
DA:123,0
DA:124,0
DA:128,0
DA:133,0
DA:134,0
DA:138,0
DA:141,0
DA:144,0
DA:146,0
DA:147,0
DA:151,0
DA:155,0
DA:160,0
DA:171,0
DA:172,0
DA:173,0
DA:186,0
DA:187,0
DA:188,0
DA:189,0
DA:190,0
DA:191,0
DA:193,0
DA:198,0
DA:199,0
DA:203,0
DA:206,0
DA:211,0
DA:212,0
DA:213,0
DA:225,0
DA:231,0
DA:232,0
DA:233,0
DA:234,0
DA:238,0
DA:241,0
DA:242,0
DA:243,0
DA:244,0
DA:245,0
DA:248,0
DA:249,0
DA:250,0
DA:252,0
DA:253,0
DA:254,0
DA:257,0
DA:258,0
DA:259,0
DA:260,0
DA:263,0
DA:264,0
DA:268,0
DA:271,0
DA:273,0
DA:281,0
DA:287,0
DA:288,0
DA:289,0
LF:93
LH:0
BRDA:30,0,0,0
BRDA:30,0,1,0
BRDA:40,1,0,0
BRDA:40,1,1,0
BRDA:51,2,0,0
BRDA:51,2,1,0
BRDA:67,3,0,0
BRDA:67,3,1,0
BRDA:112,4,0,0
BRDA:112,4,1,0
BRDA:122,5,0,0
BRDA:122,5,1,0
BRDA:133,6,0,0
BRDA:133,6,1,0
BRDA:146,7,0,0
BRDA:146,7,1,0
BRDA:189,8,0,0
BRDA:189,8,1,0
BRDA:198,9,0,0
BRDA:198,9,1,0
BRDA:233,10,0,0
BRDA:233,10,1,0
BRDA:243,11,0,0
BRDA:243,11,1,0
BRDA:252,12,0,0
BRDA:252,12,1,0
BRDA:257,13,0,0
BRDA:257,13,1,0
BRDA:263,14,0,0
BRDA:263,14,1,0
BRF:30
BRH:0
end_of_record
TN:
SF:src\routes\auth.routes.ts
FN:27,(anonymous_0)
FN:70,(anonymous_1)
FN:170,(anonymous_2)
FN:244,(anonymous_3)
FNF:4
FNH:0
FNDA:0,(anonymous_0)
FNDA:0,(anonymous_1)
FNDA:0,(anonymous_2)
FNDA:0,(anonymous_3)
DA:15,0
DA:21,0
DA:28,0
DA:29,0
DA:30,0
DA:31,0
DA:35,0
DA:38,0
DA:41,0
DA:43,0
DA:50,0
DA:51,0
DA:52,0
DA:65,0
DA:71,0
DA:72,0
DA:73,0
DA:74,0
DA:78,0
DA:81,0
DA:84,0
DA:86,0
DA:87,0
DA:88,0
DA:92,0
DA:96,0
DA:102,0
DA:104,0
DA:106,0
DA:112,0
DA:113,0
DA:116,0
DA:123,0
DA:127,0
DA:132,0
DA:145,0
DA:146,0
DA:149,0
DA:150,0
DA:154,0
DA:157,0
DA:170,0
DA:171,0
DA:172,0
DA:173,0
DA:174,0
DA:178,0
DA:181,0
DA:193,0
DA:194,0
DA:198,0
DA:201,0
DA:203,0
DA:224,0
DA:225,0
DA:226,0
DA:238,0
DA:245,0
DA:246,0
DA:247,0
DA:248,0
DA:252,0
DA:255,0
DA:257,0
DA:258,0
DA:259,0
DA:263,0
DA:267,0
DA:268,0
DA:269,0
DA:271,0
DA:272,0
DA:273,0
DA:275,0
DA:276,0
DA:277,0
DA:279,0
DA:280,0
DA:281,0
DA:284,0
DA:285,0
DA:289,0
DA:292,0
DA:294,0
DA:302,0
DA:308,0
DA:309,0
DA:310,0
LF:88
LH:0
BRDA:30,0,0,0
BRDA:30,0,1,0
BRDA:73,1,0,0
BRDA:73,1,1,0
BRDA:87,2,0,0
BRDA:87,2,1,0
BRDA:104,3,0,0
BRDA:104,3,1,0
BRDA:134,4,0,0
BRDA:134,4,1,0
BRDA:149,5,0,0
BRDA:149,5,1,0
BRDA:149,6,0,0
BRDA:149,6,1,0
BRDA:173,7,0,0
BRDA:173,7,1,0
BRDA:193,8,0,0
BRDA:193,8,1,0
BRDA:213,9,0,0
BRDA:213,9,1,0
BRDA:247,10,0,0
BRDA:247,10,1,0
BRDA:258,11,0,0
BRDA:258,11,1,0
BRDA:271,12,0,0
BRDA:271,12,1,0
BRDA:275,13,0,0
BRDA:275,13,1,0
BRDA:279,14,0,0
BRDA:279,14,1,0
BRDA:284,15,0,0
BRDA:284,15,1,0
BRF:32
BRH:0
end_of_record
TN:
SF:src\routes\auth.ts
FN:24,(anonymous_0)
FN:156,(anonymous_1)
FN:292,(anonymous_2)
FN:327,(anonymous_3)
FNF:4
FNH:0
FNDA:0,(anonymous_0)
FNDA:0,(anonymous_1)
FNDA:0,(anonymous_2)
FNDA:0,(anonymous_3)
DA:9,0
DA:15,0
DA:25,0
DA:26,0
DA:27,0
DA:28,0
DA:29,0
DA:32,0
DA:42,0
DA:43,0
DA:44,0
DA:46,0
DA:47,0
DA:48,0
DA:50,0
DA:51,0
DA:52,0
DA:56,0
DA:57,0
DA:58,0
DA:59,0
DA:63,0
DA:67,0
DA:68,0
DA:69,0
DA:70,0
DA:75,0
DA:76,0
DA:77,0
DA:78,0
DA:79,0
DA:80,0
DA:83,0
DA:84,0
DA:85,0
DA:89,0
DA:90,0
DA:91,0
DA:95,0
DA:111,0
DA:113,0
DA:114,0
DA:115,0
DA:119,0
DA:124,0
DA:136,0
DA:137,0
DA:146,0
DA:157,0
DA:158,0
DA:159,0
DA:160,0
DA:161,0
DA:164,0
DA:174,0
DA:175,0
DA:176,0
DA:177,0
DA:183,0
DA:184,0
DA:185,0
DA:186,0
DA:189,0
DA:194,0
DA:195,0
DA:196,0
DA:199,0
DA:202,0
DA:203,0
DA:204,0
DA:205,0
DA:210,0
DA:211,0
DA:212,0
DA:213,0
DA:218,0
DA:219,0
DA:220,0
DA:223,0
DA:228,0
DA:229,0
DA:230,0
DA:233,0
DA:237,0
DA:238,0
DA:239,0
DA:240,0
DA:246,0
DA:251,0
DA:252,0
DA:253,0
DA:256,0
DA:259,0
DA:260,0
DA:261,0
DA:265,0
DA:270,0
DA:282,0
DA:283,0
DA:292,0
DA:293,0
DA:294,0
DA:295,0
DA:296,0
DA:297,0
DA:300,0
DA:309,0
DA:310,0
DA:311,0
DA:314,0
DA:316,0
DA:317,0
DA:325,0
DA:328,0
DA:329,0
DA:330,0
DA:331,0
DA:332,0
DA:335,0
DA:339,0
DA:341,0
DA:343,0
DA:350,0
DA:351,0
LF:124
LH:0
BRDA:27,0,0,0
BRDA:27,0,1,0
BRDA:42,1,0,0
BRDA:42,1,1,0
BRDA:42,2,0,0
BRDA:42,2,1,0
BRDA:46,3,0,0
BRDA:46,3,1,0
BRDA:46,4,0,0
BRDA:46,4,1,0
BRDA:46,4,2,0
BRDA:50,5,0,0
BRDA:50,5,1,0
BRDA:50,6,0,0
BRDA:50,6,1,0
BRDA:56,7,0,0
BRDA:56,7,1,0
BRDA:56,8,0,0
BRDA:56,8,1,0
BRDA:58,9,0,0
BRDA:58,9,1,0
BRDA:68,10,0,0
BRDA:68,10,1,0
BRDA:75,11,0,0
BRDA:75,11,1,0
BRDA:77,12,0,0
BRDA:77,12,1,0
BRDA:79,13,0,0
BRDA:79,13,1,0
BRDA:83,14,0,0
BRDA:83,14,1,0
BRDA:83,15,0,0
BRDA:83,15,1,0
BRDA:90,16,0,0
BRDA:90,16,1,0
BRDA:102,17,0,0
BRDA:102,17,1,0
BRDA:103,18,0,0
BRDA:103,18,1,0
BRDA:105,19,0,0
BRDA:105,19,1,0
BRDA:106,20,0,0
BRDA:106,20,1,0
BRDA:107,21,0,0
BRDA:107,21,1,0
BRDA:113,22,0,0
BRDA:113,22,1,0
BRDA:159,23,0,0
BRDA:159,23,1,0
BRDA:175,24,0,0
BRDA:175,24,1,0
BRDA:183,25,0,0
BRDA:183,25,1,0
BRDA:184,26,0,0
BRDA:184,26,1,0
BRDA:184,27,0,0
BRDA:184,27,1,0
BRDA:194,28,0,0
BRDA:194,28,1,0
BRDA:203,29,0,0
BRDA:203,29,1,0
BRDA:210,30,0,0
BRDA:210,30,1,0
BRDA:211,31,0,0
BRDA:211,31,1,0
BRDA:211,32,0,0
BRDA:211,32,1,0
BRDA:218,33,0,0
BRDA:218,33,1,0
BRDA:228,34,0,0
BRDA:228,34,1,0
BRDA:237,35,0,0
BRDA:237,35,1,0
BRDA:238,36,0,0
BRDA:238,36,1,0
BRDA:238,37,0,0
BRDA:238,37,1,0
BRDA:251,38,0,0
BRDA:251,38,1,0
BRDA:259,39,0,0
BRDA:259,39,1,0
BRDA:295,40,0,0
BRDA:295,40,1,0
BRDA:309,41,0,0
BRDA:309,41,1,0
BRDA:330,42,0,0
BRDA:330,42,1,0
BRDA:347,43,0,0
BRDA:347,43,1,0
BRF:89
BRH:0
end_of_record
TN:
SF:src\routes\earnings.routes.ts
FNF:0
FNH:0
DA:10,0
DA:13,0
DA:20,0
DA:27,0
DA:34,0
LF:5
LH:0
BRF:0
BRH:0
end_of_record
TN:
SF:src\routes\health.routes.ts
FN:15,(anonymous_0)
FN:28,(anonymous_1)
FN:66,(anonymous_2)
FN:97,(anonymous_3)
FNF:4
FNH:0
FNDA:0,(anonymous_0)
FNDA:0,(anonymous_1)
FNDA:0,(anonymous_2)
FNDA:0,(anonymous_3)
DA:9,0
DA:15,0
DA:16,0
DA:28,0
DA:29,0
DA:45,0
DA:46,0
DA:47,0
DA:48,0
DA:49,0
DA:51,0
DA:54,0
DA:55,0
DA:58,0
DA:59,0
DA:66,0
DA:67,0
DA:68,0
DA:69,0
DA:70,0
DA:74,0
DA:78,0
DA:80,0
DA:85,0
DA:97,0
DA:98,0
LF:26
LH:0
BRDA:20,0,0,0
BRDA:20,0,1,0
BRDA:33,1,0,0
BRDA:33,1,1,0
BRDA:47,2,0,0
BRDA:47,2,1,0
BRDA:58,3,0,0
BRDA:58,3,1,0
BRDA:69,4,0,0
BRDA:69,4,1,0
BRDA:88,5,0,0
BRDA:88,5,1,0
BRF:12
BRH:0
end_of_record
TN:
SF:src\routes\health.ts
FN:6,(anonymous_0)
FN:10,(anonymous_1)
FNF:2
FNH:0
FNDA:0,(anonymous_0)
FNDA:0,(anonymous_1)
DA:4,0
DA:6,0
DA:7,0
DA:10,0
DA:11,0
DA:12,0
LF:6
LH:0
BRF:0
BRH:0
end_of_record
TN:
SF:src\routes\jobs.controller.routes.ts
FNF:0
FNH:0
DA:10,0
DA:11,0
DA:14,0
DA:21,0
DA:29,0
DA:36,0
DA:43,0
DA:50,0
DA:57,0
DA:64,0
DA:71,0
DA:78,0
DA:85,0
DA:92,0
DA:99,0
LF:15
LH:0
BRF:0
BRH:0
end_of_record
TN:
SF:src\routes\jobs.routes.ts
FN:32,(anonymous_0)
FN:102,(anonymous_1)
FN:147,(anonymous_2)
FN:171,(anonymous_3)
FN:215,(anonymous_4)
FN:285,(anonymous_5)
FN:338,(anonymous_6)
FN:391,(anonymous_7)
FNF:8
FNH:0
FNDA:0,(anonymous_0)
FNDA:0,(anonymous_1)
FNDA:0,(anonymous_2)
FNDA:0,(anonymous_3)
FNDA:0,(anonymous_4)
FNDA:0,(anonymous_5)
FNDA:0,(anonymous_6)
FNDA:0,(anonymous_7)
DA:13,0
DA:19,0
DA:33,0
DA:34,0
DA:35,0
DA:36,0
DA:40,0
DA:54,0
DA:56,0
DA:64,0
DA:65,0
DA:66,0
DA:67,0
DA:68,0
DA:69,0
DA:71,0
DA:73,0
DA:79,0
DA:80,0
DA:81,0
DA:94,0
DA:103,0
DA:104,0
DA:105,0
DA:106,0
DA:110,0
DA:113,0
DA:115,0
DA:120,0
DA:121,0
DA:122,0
DA:124,0
DA:126,0
DA:132,0
DA:133,0
DA:134,0
DA:147,0
DA:148,0
DA:149,0
DA:151,0
DA:157,0
DA:158,0
DA:159,0
DA:171,0
DA:172,0
DA:173,0
DA:175,0
DA:176,0
DA:177,0
DA:180,0
DA:182,0
DA:183,0
DA:187,0
DA:190,0
DA:195,0
DA:196,0
DA:197,0
DA:209,0
DA:216,0
DA:217,0
DA:218,0
DA:219,0
DA:223,0
DA:226,0
DA:227,0
DA:229,0
DA:230,0
DA:231,0
DA:235,0
DA:236,0
DA:237,0
DA:241,0
DA:244,0
DA:245,0
DA:249,0
DA:253,0
DA:258,0
DA:259,0
DA:260,0
DA:262,0
DA:264,0
DA:270,0
DA:271,0
DA:272,0
DA:285,0
DA:286,0
DA:287,0
DA:289,0
DA:290,0
DA:291,0
DA:295,0
DA:296,0
DA:297,0
DA:301,0
DA:304,0
DA:305,0
DA:309,0
DA:313,0
DA:318,0
DA:324,0
DA:325,0
DA:326,0
DA:338,0
DA:339,0
DA:340,0
DA:342,0
DA:343,0
DA:344,0
DA:348,0
DA:349,0
DA:350,0
DA:354,0
DA:357,0
DA:358,0
DA:362,0
DA:366,0
DA:371,0
DA:377,0
DA:378,0
DA:379,0
DA:391,0
DA:392,0
DA:393,0
DA:395,0
DA:396,0
DA:397,0
DA:401,0
DA:402,0
DA:403,0
DA:407,0
DA:411,0
DA:412,0
DA:416,0
DA:419,0
DA:420,0
DA:424,0
DA:428,0
DA:433,0
DA:439,0
DA:440,0
DA:441,0
LF:141
LH:0
BRDA:35,0,0,0
BRDA:35,0,1,0
BRDA:64,1,0,0
BRDA:64,1,1,0
BRDA:65,2,0,0
BRDA:65,2,1,0
BRDA:66,3,0,0
BRDA:66,3,1,0
BRDA:67,4,0,0
BRDA:67,4,1,0
BRDA:68,5,0,0
BRDA:68,5,1,0
BRDA:69,6,0,0
BRDA:69,6,1,0
BRDA:105,7,0,0
BRDA:105,7,1,0
BRDA:120,8,0,0
BRDA:120,8,1,0
BRDA:121,9,0,0
BRDA:121,9,1,0
BRDA:122,10,0,0
BRDA:122,10,1,0
BRDA:175,11,0,0
BRDA:175,11,1,0
BRDA:182,12,0,0
BRDA:182,12,1,0
BRDA:218,13,0,0
BRDA:218,13,1,0
BRDA:229,14,0,0
BRDA:229,14,1,0
BRDA:236,15,0,0
BRDA:236,15,1,0
BRDA:244,16,0,0
BRDA:244,16,1,0
BRDA:258,17,0,0
BRDA:258,17,1,0
BRDA:259,18,0,0
BRDA:259,18,1,0
BRDA:260,19,0,0
BRDA:260,19,1,0
BRDA:289,20,0,0
BRDA:289,20,1,0
BRDA:296,21,0,0
BRDA:296,21,1,0
BRDA:304,22,0,0
BRDA:304,22,1,0
BRDA:342,23,0,0
BRDA:342,23,1,0
BRDA:349,24,0,0
BRDA:349,24,1,0
BRDA:357,25,0,0
BRDA:357,25,1,0
BRDA:395,26,0,0
BRDA:395,26,1,0
BRDA:402,27,0,0
BRDA:402,27,1,0
BRDA:411,28,0,0
BRDA:411,28,1,0
BRDA:411,29,0,0
BRDA:411,29,1,0
BRDA:419,30,0,0
BRDA:419,30,1,0
BRDA:419,31,0,0
BRDA:419,31,1,0
BRF:64
BRH:0
end_of_record
TN:
SF:src\routes\jobs.ts
FN:6,(anonymous_0)
FN:12,(anonymous_1)
FN:19,(anonymous_2)
FN:25,(anonymous_3)
FN:31,(anonymous_4)
FN:37,(anonymous_5)
FN:43,(anonymous_6)
FN:49,(anonymous_7)
FN:55,(anonymous_8)
FNF:9
FNH:0
FNDA:0,(anonymous_0)
FNDA:0,(anonymous_1)
FNDA:0,(anonymous_2)
FNDA:0,(anonymous_3)
FNDA:0,(anonymous_4)
FNDA:0,(anonymous_5)
FNDA:0,(anonymous_6)
FNDA:0,(anonymous_7)
FNDA:0,(anonymous_8)
DA:3,0
DA:6,0
DA:8,0
DA:12,0
DA:14,0
DA:15,0
DA:19,0
DA:20,0
DA:21,0
DA:25,0
DA:26,0
DA:27,0
DA:31,0
DA:32,0
DA:33,0
DA:37,0
DA:38,0
DA:39,0
DA:43,0
DA:44,0
DA:45,0
DA:49,0
DA:50,0
DA:51,0
DA:55,0
DA:56,0
DA:57,0
LF:27
LH:0
BRF:0
BRH:0
end_of_record
TN:
SF:src\routes\messages.ts
FN:6,(anonymous_0)
FN:13,(anonymous_1)
FNF:2
FNH:0
FNDA:0,(anonymous_0)
FNDA:0,(anonymous_1)
DA:3,0
DA:6,0
DA:8,0
DA:9,0
DA:13,0
DA:15,0
DA:16,0
LF:7
LH:0
BRDA:15,0,0,0
BRDA:15,0,1,0
BRF:2
BRH:0
end_of_record
TN:
SF:src\routes\monitoring.routes.ts
FN:20,(anonymous_0)
FN:46,(anonymous_1)
FN:70,(anonymous_2)
FN:116,(anonymous_3)
FN:131,(anonymous_4)
FN:157,(anonymous_5)
FNF:6
FNH:0
FNDA:0,(anonymous_0)
FNDA:0,(anonymous_1)
FNDA:0,(anonymous_2)
FNDA:0,(anonymous_3)
FNDA:0,(anonymous_4)
FNDA:0,(anonymous_5)
DA:13,0
DA:20,0
DA:21,0
DA:22,0
DA:23,0
DA:25,0
DA:32,0
DA:33,0
DA:34,0
DA:46,0
DA:47,0
DA:48,0
DA:50,0
DA:55,0
DA:56,0
DA:57,0
DA:70,0
DA:71,0
DA:74,0
DA:75,0
DA:76,0
DA:81,0
DA:82,0
DA:83,0
DA:87,0
DA:90,0
DA:91,0
DA:94,0
DA:96,0
DA:102,0
DA:103,0
DA:104,0
DA:116,0
DA:117,0
DA:118,0
DA:124,0
DA:131,0
DA:143,0
DA:144,0
DA:145,0
DA:157,0
DA:158,0
DA:159,0
DA:163,0
DA:166,0
DA:167,0
DA:169,0
DA:174,0
DA:175,0
DA:176,0
LF:50
LH:0
BRDA:75,0,0,0
BRDA:75,0,1,0
BRDA:75,1,0,0
BRDA:75,1,1,0
BRDA:81,2,0,0
BRDA:81,2,1,0
BRDA:82,3,0,0
BRDA:82,3,1,0
BRDA:136,4,0,0
BRDA:136,4,1,0
BRDA:158,5,0,0
BRDA:158,5,1,0
BRF:12
BRH:0
end_of_record
TN:
SF:src\routes\payments.controller.routes.ts
FNF:0
FNH:0
DA:10,0
DA:11,0
DA:14,0
DA:21,0
DA:29,0
DA:36,0
DA:43,0
DA:50,0
DA:57,0
DA:64,0
DA:71,0
LF:11
LH:0
BRF:0
BRH:0
end_of_record
TN:
SF:src\routes\payments.routes.ts
FN:26,(anonymous_0)
FN:111,(anonymous_1)
FN:144,(anonymous_2)
FN:185,(anonymous_3)
FN:220,(anonymous_4)
FN:259,(anonymous_5)
FN:290,(anonymous_6)
FNF:7
FNH:0
FNDA:0,(anonymous_0)
FNDA:0,(anonymous_1)
FNDA:0,(anonymous_2)
FNDA:0,(anonymous_3)
FNDA:0,(anonymous_4)
FNDA:0,(anonymous_5)
FNDA:0,(anonymous_6)
DA:15,0
DA:21,0
DA:27,0
DA:28,0
DA:29,0
DA:30,0
DA:34,0
DA:37,0
DA:40,0
DA:41,0
DA:42,0
DA:46,0
DA:50,0
DA:51,0
DA:55,0
DA:59,0
DA:60,0
DA:64,0
DA:68,0
DA:73,0
DA:76,0
DA:84,0
DA:96,0
DA:97,0
DA:98,0
DA:111,0
DA:112,0
DA:113,0
DA:115,0
DA:116,0
DA:120,0
DA:123,0
DA:125,0
DA:130,0
DA:131,0
DA:132,0
DA:144,0
DA:145,0
DA:146,0
DA:148,0
DA:149,0
DA:153,0
DA:156,0
DA:158,0
DA:159,0
DA:163,0
DA:166,0
DA:171,0
DA:172,0
DA:173,0
DA:185,0
DA:186,0
DA:187,0
DA:189,0
DA:190,0
DA:194,0
DA:197,0
DA:199,0
DA:205,0
DA:206,0
DA:207,0
DA:220,0
DA:221,0
DA:222,0
DA:224,0
DA:225,0
DA:226,0
DA:230,0
DA:233,0
DA:236,0
DA:238,0
DA:240,0
DA:245,0
DA:246,0
DA:247,0
DA:259,0
DA:260,0
DA:261,0
DA:263,0
DA:270,0
DA:271,0
DA:272,0
DA:284,0
DA:291,0
DA:292,0
DA:293,0
DA:294,0
DA:298,0
DA:301,0
DA:303,0
DA:304,0
DA:310,0
DA:314,0
DA:315,0
DA:317,0
DA:320,0
DA:328,0
DA:329,0
DA:330,0
LF:99
LH:0
BRDA:29,0,0,0
BRDA:29,0,1,0
BRDA:41,1,0,0
BRDA:41,1,1,0
BRDA:50,2,0,0
BRDA:50,2,1,0
BRDA:59,3,0,0
BRDA:59,3,1,0
BRDA:68,4,0,0
BRDA:68,4,1,0
BRDA:70,5,0,0
BRDA:70,5,1,0
BRDA:115,6,0,0
BRDA:115,6,1,0
BRDA:148,7,0,0
BRDA:148,7,1,0
BRDA:158,8,0,0
BRDA:158,8,1,0
BRDA:189,9,0,0
BRDA:189,9,1,0
BRDA:224,10,0,0
BRDA:224,10,1,0
BRDA:293,11,0,0
BRDA:293,11,1,0
BRDA:303,12,0,0
BRDA:303,12,1,0
BRDA:314,13,0,0
BRDA:314,13,1,0
BRDA:314,14,0,0
BRDA:314,14,1,0
BRF:30
BRH:0
end_of_record
TN:
SF:src\routes\payments.ts
FN:39,(anonymous_0)
FN:116,(anonymous_1)
FN:185,(anonymous_2)
FN:291,(anonymous_3)
FN:336,(anonymous_4)
FN:343,(anonymous_5)
FN:374,(anonymous_6)
FN:443,(anonymous_7)
FN:482,(anonymous_8)
FNF:9
FNH:0
FNDA:0,(anonymous_0)
FNDA:0,(anonymous_1)
FNDA:0,(anonymous_2)
FNDA:0,(anonymous_3)
FNDA:0,(anonymous_4)
FNDA:0,(anonymous_5)
FNDA:0,(anonymous_6)
FNDA:0,(anonymous_7)
FNDA:0,(anonymous_8)
DA:33,0
DA:39,0
DA:40,0
DA:41,0
DA:42,0
DA:43,0
DA:44,0
DA:47,0
DA:48,0
DA:49,0
DA:50,0
DA:53,0
DA:56,0
DA:65,0
DA:66,0
DA:67,0
DA:70,0
DA:73,0
DA:74,0
DA:75,0
DA:79,0
DA:80,0
DA:84,0
DA:88,0
DA:90,0
DA:107,0
DA:108,0
DA:116,0
DA:117,0
DA:118,0
DA:119,0
DA:120,0
DA:121,0
DA:124,0
DA:125,0
DA:126,0
DA:127,0
DA:130,0
DA:133,0
DA:138,0
DA:139,0
DA:140,0
DA:143,0
DA:146,0
DA:147,0
DA:148,0
DA:152,0
DA:155,0
DA:157,0
DA:158,0
DA:163,0
DA:166,0
DA:176,0
DA:177,0
DA:185,0
DA:186,0
DA:187,0
DA:188,0
DA:189,0
DA:190,0
DA:193,0
DA:194,0
DA:195,0
DA:196,0
DA:199,0
DA:206,0
DA:211,0
DA:212,0
DA:213,0
DA:216,0
DA:219,0
DA:220,0
DA:221,0
DA:225,0
DA:226,0
DA:227,0
DA:228,0
DA:229,0
DA:234,0
DA:239,0
DA:240,0
DA:241,0
DA:245,0
DA:247,0
DA:249,0
DA:250,0
DA:257,0
DA:264,0
DA:266,0
DA:273,0
DA:274,0
DA:277,0
DA:278,0
DA:286,0
DA:292,0
DA:293,0
DA:296,0
DA:299,0
DA:307,0
DA:308,0
DA:310,0
DA:311,0
DA:321,0
DA:332,0
DA:335,0
DA:337,0
DA:338,0
DA:340,0
DA:344,0
DA:349,0
DA:356,0
DA:357,0
DA:369,0
DA:375,0
DA:376,0
DA:377,0
DA:379,0
DA:381,0
DA:382,0
DA:385,0
DA:390,0
DA:391,0
DA:394,0
DA:397,0
DA:398,0
DA:399,0
DA:403,0
DA:407,0
DA:412,0
DA:426,0
DA:427,0
DA:439,0
DA:444,0
DA:445,0
DA:446,0
DA:448,0
DA:449,0
DA:452,0
DA:455,0
DA:461,0
DA:466,0
DA:467,0
DA:479,0
DA:483,0
DA:484,0
DA:486,0
DA:487,0
DA:490,0
DA:493,0
DA:495,0
DA:501,0
DA:502,0
LF:152
LH:0
BRDA:42,0,0,0
BRDA:42,0,1,0
BRDA:48,1,0,0
BRDA:48,1,1,0
BRDA:65,2,0,0
BRDA:65,2,1,0
BRDA:73,3,0,0
BRDA:73,3,1,0
BRDA:79,4,0,0
BRDA:79,4,1,0
BRDA:79,5,0,0
BRDA:79,5,1,0
BRDA:119,6,0,0
BRDA:119,6,1,0
BRDA:125,7,0,0
BRDA:125,7,1,0
BRDA:138,8,0,0
BRDA:138,8,1,0
BRDA:146,9,0,0
BRDA:146,9,1,0
BRDA:146,10,0,0
BRDA:146,10,1,0
BRDA:157,11,0,0
BRDA:157,11,1,0
BRDA:188,12,0,0
BRDA:188,12,1,0
BRDA:194,13,0,0
BRDA:194,13,1,0
BRDA:211,14,0,0
BRDA:211,14,1,0
BRDA:219,15,0,0
BRDA:219,15,1,0
BRDA:225,16,0,0
BRDA:225,16,1,0
BRDA:225,17,0,0
BRDA:225,17,1,0
BRDA:227,18,0,0
BRDA:227,18,1,0
BRDA:239,19,0,0
BRDA:239,19,1,0
BRDA:253,20,0,0
BRDA:253,20,1,0
BRDA:253,21,0,0
BRDA:253,21,1,0
BRDA:307,22,0,0
BRDA:307,22,1,0
BRDA:307,23,0,0
BRDA:307,23,1,0
BRDA:310,24,0,0
BRDA:310,24,1,0
BRDA:337,25,0,0
BRDA:337,25,1,0
BRDA:359,26,0,0
BRDA:359,26,1,0
BRDA:381,27,0,0
BRDA:381,27,1,0
BRDA:390,28,0,0
BRDA:390,28,1,0
BRDA:398,29,0,0
BRDA:398,29,1,0
BRDA:421,30,0,0
BRDA:421,30,1,0
BRDA:429,31,0,0
BRDA:429,31,1,0
BRDA:448,32,0,0
BRDA:448,32,1,0
BRDA:469,33,0,0
BRDA:469,33,1,0
BRDA:486,34,0,0
BRDA:486,34,1,0
BRDA:504,35,0,0
BRDA:504,35,1,0
BRF:72
BRH:0
end_of_record
TN:
SF:src\routes\profile.routes.ts
FN:41,(anonymous_0)
FN:92,(anonymous_1)
FN:133,(anonymous_2)
FN:161,(anonymous_3)
FN:192,(anonymous_4)
FN:227,(anonymous_5)
FNF:6
FNH:0
FNDA:0,(anonymous_0)
FNDA:0,(anonymous_1)
FNDA:0,(anonymous_2)
FNDA:0,(anonymous_3)
FNDA:0,(anonymous_4)
FNDA:0,(anonymous_5)
DA:22,0
DA:25,0
DA:26,0
DA:27,0
DA:28,0
DA:30,0
DA:37,0
DA:42,0
DA:43,0
DA:44,0
DA:47,0
DA:48,0
DA:58,0
DA:60,0
DA:66,0
DA:67,0
DA:68,0
DA:69,0
DA:74,0
DA:88,0
DA:93,0
DA:94,0
DA:95,0
DA:97,0
DA:103,0
DA:108,0
DA:109,0
DA:110,0
DA:111,0
DA:116,0
DA:130,0
DA:134,0
DA:135,0
DA:136,0
DA:138,0
DA:143,0
DA:144,0
DA:157,0
DA:162,0
DA:163,0
DA:164,0
DA:166,0
DA:168,0
DA:174,0
DA:175,0
DA:188,0
DA:193,0
DA:194,0
DA:195,0
DA:197,0
DA:204,0
DA:210,0
DA:211,0
DA:224,0
DA:228,0
DA:229,0
DA:230,0
DA:232,0
DA:234,0
DA:239,0
DA:240,0
LF:61
LH:0
BRDA:27,0,0,0
BRDA:27,0,1,0
BRDA:43,1,0,0
BRDA:43,1,1,0
BRDA:47,2,0,0
BRDA:47,2,1,0
BRDA:53,3,0,0
BRDA:53,3,1,0
BRDA:54,4,0,0
BRDA:54,4,1,0
BRDA:68,5,0,0
BRDA:68,5,1,0
BRDA:94,6,0,0
BRDA:94,6,1,0
BRDA:110,7,0,0
BRDA:110,7,1,0
BRDA:135,8,0,0
BRDA:135,8,1,0
BRDA:163,9,0,0
BRDA:163,9,1,0
BRDA:194,10,0,0
BRDA:194,10,1,0
BRDA:229,11,0,0
BRDA:229,11,1,0
BRDA:230,12,0,0
BRDA:230,12,1,0
BRF:26
BRH:0
end_of_record
TN:
SF:src\routes\reviews.controller.routes.ts
FNF:0
FNH:0
DA:10,0
DA:11,0
DA:14,0
DA:21,0
DA:29,0
DA:36,0
DA:43,0
DA:50,0
DA:57,0
DA:64,0
DA:71,0
LF:11
LH:0
BRF:0
BRH:0
end_of_record
TN:
SF:src\routes\reviews.routes.ts
FN:27,(anonymous_0)
FN:119,(anonymous_1)
FN:160,(anonymous_2)
FN:198,(anonymous_3)
FNF:4
FNH:0
FNDA:0,(anonymous_0)
FNDA:0,(anonymous_1)
FNDA:0,(anonymous_2)
FNDA:0,(anonymous_3)
DA:14,0
DA:20,0
DA:28,0
DA:29,0
DA:30,0
DA:31,0
DA:35,0
DA:38,0
DA:41,0
DA:42,0
DA:43,0
DA:47,0
DA:50,0
DA:51,0
DA:55,0
DA:59,0
DA:60,0
DA:64,0
DA:68,0
DA:71,0
DA:72,0
DA:76,0
DA:80,0
DA:81,0
DA:82,0
DA:86,0
DA:90,0
DA:98,0
DA:104,0
DA:105,0
DA:106,0
DA:119,0
DA:120,0
DA:121,0
DA:123,0
DA:124,0
DA:128,0
DA:131,0
DA:133,0
DA:134,0
DA:138,0
DA:141,0
DA:146,0
DA:147,0
DA:148,0
DA:160,0
DA:161,0
DA:162,0
DA:163,0
DA:165,0
DA:166,0
DA:170,0
DA:173,0
DA:174,0
DA:176,0
DA:184,0
DA:185,0
DA:186,0
DA:198,0
DA:199,0
DA:200,0
DA:202,0
DA:203,0
DA:207,0
DA:210,0
DA:212,0
DA:218,0
DA:219,0
DA:220,0
LF:69
LH:0
BRDA:30,0,0,0
BRDA:30,0,1,0
BRDA:42,1,0,0
BRDA:42,1,1,0
BRDA:50,2,0,0
BRDA:50,2,1,0
BRDA:59,3,0,0
BRDA:59,3,1,0
BRDA:59,4,0,0
BRDA:59,4,1,0
BRDA:68,5,0,0
BRDA:68,5,1,0
BRDA:68,5,2,0
BRDA:68,5,3,0
BRDA:71,6,0,0
BRDA:71,6,1,0
BRDA:81,7,0,0
BRDA:81,7,1,0
BRDA:123,8,0,0
BRDA:123,8,1,0
BRDA:133,9,0,0
BRDA:133,9,1,0
BRDA:163,10,0,0
BRDA:163,10,1,0
BRDA:165,11,0,0
BRDA:165,11,1,0
BRDA:202,12,0,0
BRDA:202,12,1,0
BRF:28
BRH:0
end_of_record
TN:
SF:src\routes\runners.controller.routes.ts
FNF:0
FNH:0
DA:10,0
DA:11,0
DA:19,0
DA:22,0
DA:29,0
DA:36,0
DA:43,0
DA:50,0
DA:57,0
DA:64,0
DA:71,0
LF:11
LH:0
BRF:0
BRH:0
end_of_record
TN:
SF:src\routes\runners.routes.ts
FN:28,(anonymous_0)
FN:100,(anonymous_1)
FN:146,(anonymous_2)
FN:177,(anonymous_3)
FN:220,(anonymous_4)
FN:300,(anonymous_5)
FN:358,(anonymous_6)
FNF:7
FNH:0
FNDA:0,(anonymous_0)
FNDA:0,(anonymous_1)
FNDA:0,(anonymous_2)
FNDA:0,(anonymous_3)
FNDA:0,(anonymous_4)
FNDA:0,(anonymous_5)
FNDA:0,(anonymous_6)
DA:13,0
DA:19,0
DA:29,0
DA:30,0
DA:31,0
DA:32,0
DA:36,0
DA:46,0
DA:48,0
DA:54,0
DA:55,0
DA:56,0
DA:57,0
DA:59,0
DA:61,0
DA:67,0
DA:68,0
DA:70,0
DA:71,0
DA:75,0
DA:78,0
DA:91,0
DA:101,0
DA:102,0
DA:103,0
DA:104,0
DA:108,0
DA:111,0
DA:113,0
DA:119,0
DA:120,0
DA:121,0
DA:123,0
DA:125,0
DA:131,0
DA:132,0
DA:133,0
DA:146,0
DA:147,0
DA:148,0
DA:150,0
DA:151,0
DA:155,0
DA:158,0
DA:163,0
DA:164,0
DA:165,0
DA:177,0
DA:178,0
DA:179,0
DA:181,0
DA:183,0
DA:184,0
DA:188,0
DA:191,0
DA:196,0
DA:197,0
DA:198,0
DA:210,0
DA:221,0
DA:222,0
DA:223,0
DA:224,0
DA:228,0
DA:231,0
DA:240,0
DA:243,0
DA:244,0
DA:245,0
DA:249,0
DA:252,0
DA:253,0
DA:257,0
DA:260,0
DA:264,0
DA:265,0
DA:266,0
DA:267,0
DA:268,0
DA:269,0
DA:270,0
DA:272,0
DA:274,0
DA:280,0
DA:281,0
DA:282,0
DA:295,0
DA:301,0
DA:302,0
DA:303,0
DA:304,0
DA:308,0
DA:311,0
DA:312,0
DA:315,0
DA:316,0
DA:317,0
DA:321,0
DA:324,0
DA:325,0
DA:329,0
DA:332,0
DA:334,0
DA:339,0
DA:340,0
DA:341,0
DA:354,0
DA:359,0
DA:360,0
DA:361,0
DA:362,0
DA:366,0
DA:369,0
DA:370,0
DA:373,0
DA:374,0
DA:375,0
DA:379,0
DA:382,0
DA:383,0
DA:387,0
DA:390,0
DA:392,0
DA:398,0
DA:399,0
DA:400,0
LF:126
LH:0
BRDA:31,0,0,0
BRDA:31,0,1,0
BRDA:54,1,0,0
BRDA:54,1,1,0
BRDA:55,2,0,0
BRDA:55,2,1,0
BRDA:56,3,0,0
BRDA:56,3,1,0
BRDA:57,4,0,0
BRDA:57,4,1,0
BRDA:70,5,0,0
BRDA:70,5,1,0
BRDA:103,6,0,0
BRDA:103,6,1,0
BRDA:119,7,0,0
BRDA:119,7,1,0
BRDA:120,8,0,0
BRDA:120,8,1,0
BRDA:121,9,0,0
BRDA:121,9,1,0
BRDA:150,10,0,0
BRDA:150,10,1,0
BRDA:183,11,0,0
BRDA:183,11,1,0
BRDA:223,12,0,0
BRDA:223,12,1,0
BRDA:244,13,0,0
BRDA:244,13,1,0
BRDA:252,14,0,0
BRDA:252,14,1,0
BRDA:264,15,0,0
BRDA:264,15,1,0
BRDA:265,16,0,0
BRDA:265,16,1,0
BRDA:266,17,0,0
BRDA:266,17,1,0
BRDA:267,18,0,0
BRDA:267,18,1,0
BRDA:268,19,0,0
BRDA:268,19,1,0
BRDA:269,20,0,0
BRDA:269,20,1,0
BRDA:270,21,0,0
BRDA:270,21,1,0
BRDA:303,22,0,0
BRDA:303,22,1,0
BRDA:316,23,0,0
BRDA:316,23,1,0
BRDA:324,24,0,0
BRDA:324,24,1,0
BRDA:361,25,0,0
BRDA:361,25,1,0
BRDA:374,26,0,0
BRDA:374,26,1,0
BRDA:382,27,0,0
BRDA:382,27,1,0
BRDA:394,28,0,0
BRDA:394,28,1,0
BRF:58
BRH:0
end_of_record
TN:
SF:src\routes\runners.ts
FN:19,(anonymous_0)
FN:157,(anonymous_1)
FN:225,(anonymous_2)
FN:308,(anonymous_3)
FN:353,(anonymous_4)
FNF:5
FNH:0
FNDA:0,(anonymous_0)
FNDA:0,(anonymous_1)
FNDA:0,(anonymous_2)
FNDA:0,(anonymous_3)
FNDA:0,(anonymous_4)
DA:13,0
DA:19,0
DA:20,0
DA:21,0
DA:22,0
DA:23,0
DA:24,0
DA:27,0
DA:28,0
DA:29,0
DA:30,0
DA:33,0
DA:42,0
DA:59,0
DA:60,0
DA:63,0
DA:64,0
DA:65,0
DA:70,0
DA:71,0
DA:74,0
DA:80,0
DA:81,0
DA:82,0
DA:87,0
DA:91,0
DA:92,0
DA:93,0
DA:94,0
DA:95,0
DA:99,0
DA:100,0
DA:102,0
DA:106,0
DA:107,0
DA:108,0
DA:110,0
DA:111,0
DA:112,0
DA:114,0
DA:117,0
DA:118,0
DA:119,0
DA:121,0
DA:122,0
DA:127,0
DA:128,0
DA:131,0
DA:132,0
DA:133,0
DA:134,0
DA:135,0
DA:138,0
DA:139,0
DA:141,0
DA:148,0
DA:149,0
DA:157,0
DA:158,0
DA:159,0
DA:160,0
DA:161,0
DA:162,0
DA:165,0
DA:166,0
DA:167,0
DA:168,0
DA:171,0
DA:173,0
DA:194,0
DA:195,0
DA:196,0
DA:200,0
DA:211,0
DA:212,0
DA:214,0
DA:216,0
DA:217,0
DA:225,0
DA:226,0
DA:227,0
DA:228,0
DA:229,0
DA:230,0
DA:233,0
DA:234,0
DA:235,0
DA:236,0
DA:240,0
DA:245,0
DA:246,0
DA:247,0
DA:258,0
DA:269,0
DA:270,0
DA:271,0
DA:274,0
DA:294,0
DA:299,0
DA:300,0
DA:308,0
DA:309,0
DA:310,0
DA:311,0
DA:312,0
DA:313,0
DA:316,0
DA:317,0
DA:318,0
DA:319,0
DA:322,0
DA:325,0
DA:330,0
DA:331,0
DA:332,0
DA:335,0
DA:336,0
DA:337,0
DA:340,0
DA:341,0
DA:342,0
DA:344,0
DA:353,0
DA:354,0
DA:355,0
DA:356,0
DA:357,0
DA:362,0
DA:363,0
DA:364,0
DA:365,0
DA:366,0
DA:369,0
DA:370,0
DA:371,0
DA:375,0
DA:377,0
DA:378,0
DA:380,0
DA:388,0
DA:390,0
DA:395,0
DA:396,0
LF:143
LH:0
BRDA:22,0,0,0
BRDA:22,0,1,0
BRDA:28,1,0,0
BRDA:28,1,1,0
BRDA:33,2,0,0
BRDA:33,3,0,0
BRDA:33,4,0,0
BRDA:63,5,0,0
BRDA:63,5,1,0
BRDA:63,6,0,0
BRDA:63,6,1,0
BRDA:80,7,0,0
BRDA:80,7,1,0
BRDA:80,8,0,0
BRDA:80,8,1,0
BRDA:80,8,2,0
BRDA:91,9,0,0
BRDA:91,9,1,0
BRDA:92,10,0,0
BRDA:92,10,1,0
BRDA:99,11,0,0
BRDA:99,11,1,0
BRDA:99,12,0,0
BRDA:99,12,1,0
BRDA:121,13,0,0
BRDA:121,13,1,0
BRDA:121,14,0,0
BRDA:121,14,1,0
BRDA:121,14,2,0
BRDA:131,15,0,0
BRDA:131,15,1,0
BRDA:132,16,0,0
BRDA:132,16,1,0
BRDA:160,17,0,0
BRDA:160,17,1,0
BRDA:166,18,0,0
BRDA:166,18,1,0
BRDA:194,19,0,0
BRDA:194,19,1,0
BRDA:228,20,0,0
BRDA:228,20,1,0
BRDA:234,21,0,0
BRDA:234,21,1,0
BRDA:245,22,0,0
BRDA:245,22,1,0
BRDA:270,23,0,0
BRDA:270,23,1,0
BRDA:270,24,0,0
BRDA:270,24,1,0
BRDA:270,24,2,0
BRDA:285,25,0,0
BRDA:285,25,1,0
BRDA:286,26,0,0
BRDA:286,26,1,0
BRDA:287,27,0,0
BRDA:287,27,1,0
BRDA:288,28,0,0
BRDA:288,28,1,0
BRDA:290,29,0,0
BRDA:290,29,1,0
BRDA:311,30,0,0
BRDA:311,30,1,0
BRDA:317,31,0,0
BRDA:317,31,1,0
BRDA:330,32,0,0
BRDA:330,32,1,0
BRDA:335,33,0,0
BRDA:335,33,1,0
BRDA:335,34,0,0
BRDA:335,34,1,0
BRDA:354,35,0,0
BRDA:354,35,1,0
BRDA:362,36,0,0
BRDA:362,36,1,0
BRDA:362,37,0,0
BRDA:362,37,1,0
BRDA:362,37,2,0
BRDA:369,38,0,0
BRDA:369,38,1,0
BRF:79
BRH:0
end_of_record
TN:
SF:src\services\PaymentService.ts
FN:11,(anonymous_1)
FN:32,verifyPreimage
FN:64,verifyPayment
FN:114,storePaymentProof
FN:141,updatePaymentVerification
FN:180,getPendingVerifications
FN:218,createInvoice
FN:261,recordPaymentTransaction
FNF:8
FNH:2
FNDA:2,(anonymous_1)
FNDA:121,verifyPreimage
FNDA:0,verifyPayment
FNDA:0,storePaymentProof
FNDA:0,updatePaymentVerification
FNDA:0,getPendingVerifications
FNDA:0,createInvoice
FNDA:0,recordPaymentTransaction
DA:6,2
DA:7,2
DA:11,2
DA:12,2
DA:13,2
DA:14,2
DA:15,2
DA:32,2
DA:33,121
DA:35,121
DA:36,4
DA:37,4
DA:39,117
DA:40,3
DA:41,3
DA:45,114
DA:46,114
DA:49,114
DA:51,0
DA:52,0
DA:64,2
DA:71,0
DA:72,0
DA:74,0
DA:75,0
DA:81,0
DA:90,0
DA:92,0
DA:94,0
DA:101,0
DA:118,0
DA:119,0
DA:120,0
DA:123,0
DA:141,2
DA:146,0
DA:147,0
DA:148,0
DA:151,0
DA:165,0
DA:180,2
DA:181,0
DA:182,0
DA:183,0
DA:186,0
DA:207,0
DA:218,2
DA:221,0
DA:222,0
DA:225,0
DA:226,0
DA:228,0
DA:229,0
DA:231,0
DA:242,0
DA:261,2
DA:267,0
DA:268,0
DA:269,0
DA:273,0
DA:278,0
DA:279,0
DA:282,0
DA:284,0
DA:302,0
LF:65
LH:23
BRDA:11,0,0,2
BRDA:11,0,1,2
BRDA:35,1,0,4
BRDA:35,1,1,117
BRDA:39,2,0,3
BRDA:39,2,1,114
BRDA:71,3,0,0
BRDA:71,3,1,0
BRDA:71,4,0,0
BRDA:71,4,1,0
BRDA:74,5,0,0
BRDA:74,5,1,0
BRDA:90,6,0,0
BRDA:90,6,1,0
BRDA:90,7,0,0
BRDA:90,7,1,0
BRDA:119,8,0,0
BRDA:119,8,1,0
BRDA:147,9,0,0
BRDA:147,9,1,0
BRDA:182,10,0,0
BRDA:182,10,1,0
BRDA:226,11,0,0
BRDA:226,11,1,0
BRDA:268,12,0,0
BRDA:268,12,1,0
BRDA:278,13,0,0
BRDA:278,13,1,0
BRF:28
BRH:6
end_of_record
TN:
SF:src\services\PayoutService.ts
FN:21,(anonymous_0)
FN:29,(anonymous_1)
FN:39,(anonymous_2)
FN:46,(anonymous_3)
FN:126,(anonymous_4)
FN:170,(anonymous_5)
FN:192,(anonymous_6)
FN:313,(anonymous_7)
FN:377,(anonymous_8)
FN:400,(anonymous_9)
FNF:10
FNH:0
FNDA:0,(anonymous_0)
FNDA:0,(anonymous_1)
FNDA:0,(anonymous_2)
FNDA:0,(anonymous_3)
FNDA:0,(anonymous_4)
FNDA:0,(anonymous_5)
FNDA:0,(anonymous_6)
FNDA:0,(anonymous_7)
FNDA:0,(anonymous_8)
FNDA:0,(anonymous_9)
DA:22,0
DA:23,0
DA:30,0
DA:31,0
DA:32,0
DA:33,0
DA:40,0
DA:51,0
DA:53,0
DA:54,0
DA:60,0
DA:69,0
DA:70,0
DA:74,0
DA:75,0
DA:77,0
DA:78,0
DA:84,0
DA:88,0
DA:91,0
DA:102,0
DA:104,0
DA:110,0
DA:116,0
DA:132,0
DA:133,0
DA:134,0
DA:137,0
DA:138,0
DA:139,0
DA:140,0
DA:142,0
DA:164,0
DA:171,0
DA:172,0
DA:173,0
DA:176,0
DA:177,0
DA:182,0
DA:184,0
DA:185,0
DA:193,0
DA:194,0
DA:195,0
DA:198,0
DA:200,0
DA:205,0
DA:206,0
DA:209,0
DA:211,0
DA:212,0
DA:213,0
DA:217,0
DA:225,0
DA:226,0
DA:231,0
DA:240,0
DA:244,0
DA:250,0
DA:252,0
DA:262,0
DA:269,0
DA:272,0
DA:282,0
DA:287,0
DA:290,0
DA:296,0
DA:306,0
DA:314,0
DA:315,0
DA:316,0
DA:319,0
DA:321,0
DA:329,0
DA:330,0
DA:333,0
DA:335,0
DA:336,0
DA:340,0
DA:347,0
DA:348,0
DA:349,0
DA:352,0
DA:359,0
DA:363,0
DA:365,0
DA:370,0
DA:378,0
DA:379,0
DA:380,0
DA:383,0
DA:394,0
DA:401,0
DA:402,0
DA:403,0
DA:406,0
DA:418,0
DA:422,0
LF:98
LH:0
BRDA:22,0,0,0
BRDA:22,0,1,0
BRDA:23,1,0,0
BRDA:23,1,1,0
BRDA:30,2,0,0
BRDA:30,2,1,0
BRDA:53,3,0,0
BRDA:53,3,1,0
BRDA:53,4,0,0
BRDA:53,4,1,0
BRDA:77,5,0,0
BRDA:77,5,1,0
BRDA:77,6,0,0
BRDA:77,6,1,0
BRDA:118,7,0,0
BRDA:118,7,1,0
BRDA:133,8,0,0
BRDA:133,8,1,0
BRDA:172,9,0,0
BRDA:172,9,1,0
BRDA:194,10,0,0
BRDA:194,10,1,0
BRDA:205,11,0,0
BRDA:205,11,1,0
BRDA:211,12,0,0
BRDA:211,12,1,0
BRDA:225,13,0,0
BRDA:225,13,1,0
BRDA:250,14,0,0
BRDA:250,14,1,0
BRDA:315,15,0,0
BRDA:315,15,1,0
BRDA:329,16,0,0
BRDA:329,16,1,0
BRDA:335,17,0,0
BRDA:335,17,1,0
BRDA:347,18,0,0
BRDA:347,18,1,0
BRDA:379,19,0,0
BRDA:379,19,1,0
BRDA:400,20,0,0
BRDA:402,21,0,0
BRDA:402,21,1,0
BRF:43
BRH:0
end_of_record
TN:
SF:src\services\ProfileService.ts
FN:44,(anonymous_0)
FN:52,(anonymous_1)
FN:131,(anonymous_2)
FN:184,(anonymous_3)
FN:211,(anonymous_4)
FN:276,(anonymous_5)
FN:314,(anonymous_6)
FN:330,(anonymous_7)
FN:349,(anonymous_8)
FN:358,(anonymous_9)
FNF:10
FNH:0
FNDA:0,(anonymous_0)
FNDA:0,(anonymous_1)
FNDA:0,(anonymous_2)
FNDA:0,(anonymous_3)
FNDA:0,(anonymous_4)
FNDA:0,(anonymous_5)
FNDA:0,(anonymous_6)
FNDA:0,(anonymous_7)
FNDA:0,(anonymous_8)
FNDA:0,(anonymous_9)
DA:45,0
DA:46,0
DA:53,0
DA:55,0
DA:56,0
DA:57,0
DA:59,0
DA:60,0
DA:61,0
DA:64,0
DA:66,0
DA:71,0
DA:72,0
DA:75,0
DA:76,0
DA:77,0
DA:78,0
DA:81,0
DA:83,0
DA:84,0
DA:90,0
DA:91,0
DA:94,0
DA:95,0
DA:96,0
DA:99,0
DA:100,0
DA:101,0
DA:104,0
DA:105,0
DA:108,0
DA:110,0
DA:118,0
DA:120,0
DA:121,0
DA:124,0
DA:125,0
DA:136,0
DA:139,0
DA:144,0
DA:145,0
DA:148,0
DA:151,0
DA:156,0
DA:157,0
DA:158,0
DA:165,0
DA:168,0
DA:176,0
DA:178,0
DA:185,0
DA:193,0
DA:195,0
DA:202,0
DA:205,0
DA:212,0
DA:214,0
DA:215,0
DA:216,0
DA:218,0
DA:219,0
DA:220,0
DA:223,0
DA:224,0
DA:225,0
DA:228,0
DA:229,0
DA:230,0
DA:233,0
DA:234,0
DA:235,0
DA:238,0
DA:239,0
DA:240,0
DA:243,0
DA:244,0
DA:245,0
DA:248,0
DA:249,0
DA:252,0
DA:254,0
DA:262,0
DA:264,0
DA:266,0
DA:269,0
DA:270,0
DA:277,0
DA:280,0
DA:286,0
DA:299,0
DA:302,0
DA:307,0
DA:308,0
DA:315,0
DA:324,0
DA:338,0
DA:351,0
DA:352,0
DA:359,0
LF:99
LH:0
BRDA:59,0,0,0
BRDA:59,0,1,0
BRDA:64,1,0,0
BRDA:64,1,1,0
BRDA:71,2,0,0
BRDA:71,2,1,0
BRDA:81,3,0,0
BRDA:81,3,1,0
BRDA:83,4,0,0
BRDA:83,4,1,0
BRDA:83,5,0,0
BRDA:83,5,1,0
BRDA:91,6,0,0
BRDA:91,6,1,0
BRDA:94,7,0,0
BRDA:94,7,1,0
BRDA:99,8,0,0
BRDA:99,8,1,0
BRDA:104,9,0,0
BRDA:104,9,1,0
BRDA:120,10,0,0
BRDA:120,10,1,0
BRDA:144,11,0,0
BRDA:144,11,1,0
BRDA:156,12,0,0
BRDA:156,12,1,0
BRDA:193,13,0,0
BRDA:193,13,1,0
BRDA:218,14,0,0
BRDA:218,14,1,0
BRDA:223,15,0,0
BRDA:223,15,1,0
BRDA:228,16,0,0
BRDA:228,16,1,0
BRDA:233,17,0,0
BRDA:233,17,1,0
BRDA:238,18,0,0
BRDA:238,18,1,0
BRDA:243,19,0,0
BRDA:243,19,1,0
BRDA:248,20,0,0
BRDA:248,20,1,0
BRDA:264,21,0,0
BRDA:264,21,1,0
BRDA:314,22,0,0
BRDA:342,23,0,0
BRDA:342,23,1,0
BRF:47
BRH:0
end_of_record
TN:
SF:src\services\email.service.ts
FN:30,(anonymous_0)
FN:56,(anonymous_1)
FN:94,(anonymous_2)
FN:150,(anonymous_3)
FN:190,(anonymous_4)
FN:195,(anonymous_5)
FN:204,(anonymous_6)
FN:224,(anonymous_7)
FNF:8
FNH:0
FNDA:0,(anonymous_0)
FNDA:0,(anonymous_1)
FNDA:0,(anonymous_2)
FNDA:0,(anonymous_3)
FNDA:0,(anonymous_4)
FNDA:0,(anonymous_5)
FNDA:0,(anonymous_6)
FNDA:0,(anonymous_7)
DA:31,0
DA:32,0
DA:33,0
DA:34,0
DA:35,0
DA:36,0
DA:39,0
DA:41,0
DA:42,0
DA:44,0
DA:57,0
DA:58,0
DA:63,0
DA:66,0
DA:72,0
DA:73,0
DA:75,0
DA:76,0
DA:83,0
DA:84,0
DA:86,0
DA:87,0
DA:95,0
DA:96,0
DA:100,0
DA:101,0
DA:106,0
DA:109,0
DA:133,0
DA:138,0
DA:139,0
DA:143,0
DA:151,0
DA:157,0
DA:159,0
DA:191,0
DA:195,0
DA:205,0
DA:225,0
DA:244,0
LF:40
LH:0
BRDA:31,0,0,0
BRDA:31,0,1,0
BRDA:32,1,0,0
BRDA:32,1,1,0
BRDA:33,2,0,0
BRDA:33,2,1,0
BRDA:34,3,0,0
BRDA:34,3,1,0
BRDA:35,4,0,0
BRDA:35,4,1,0
BRDA:36,5,0,0
BRDA:36,5,1,0
BRDA:39,6,0,0
BRDA:39,6,1,0
BRDA:39,6,2,0
BRDA:39,6,3,0
BRDA:41,7,0,0
BRDA:41,7,1,0
BRDA:57,8,0,0
BRDA:57,8,1,0
BRDA:61,9,0,0
BRDA:61,9,1,0
BRDA:72,10,0,0
BRDA:72,10,1,0
BRDA:95,11,0,0
BRDA:95,11,1,0
BRDA:100,12,0,0
BRDA:100,12,1,0
BRDA:100,13,0,0
BRDA:100,13,1,0
BRDA:157,14,0,0
BRDA:157,14,1,0
BRDA:179,15,0,0
BRDA:179,15,1,0
BRDA:224,16,0,0
BRF:35
BRH:0
end_of_record
TN:
SF:src\services\job.service.ts
FN:69,(anonymous_0)
FN:76,(anonymous_1)
FN:129,(anonymous_2)
FN:176,(anonymous_3)
FN:186,(anonymous_4)
FN:226,(anonymous_5)
FN:250,(anonymous_6)
FN:256,(anonymous_7)
FN:280,(anonymous_8)
FN:286,(anonymous_9)
FN:355,(anonymous_10)
FN:376,(anonymous_11)
FNF:12
FNH:6
FNDA:10,(anonymous_0)
FNDA:4,(anonymous_1)
FNDA:0,(anonymous_2)
FNDA:0,(anonymous_3)
FNDA:5,(anonymous_4)
FNDA:0,(anonymous_5)
FNDA:0,(anonymous_6)
FNDA:0,(anonymous_7)
FNDA:0,(anonymous_8)
FNDA:3,(anonymous_9)
FNDA:3,(anonymous_10)
FNDA:6,(anonymous_11)
DA:7,1
DA:66,1
DA:70,10
DA:77,4
DA:78,0
DA:81,4
DA:123,4
DA:130,0
DA:131,0
DA:134,0
DA:135,0
DA:137,0
DA:164,0
DA:166,0
DA:167,0
DA:168,0
DA:171,0
DA:172,0
DA:174,0
DA:176,0
DA:187,5
DA:188,5
DA:189,0
DA:192,5
DA:216,5
DA:217,1
DA:220,4
DA:227,0
DA:228,0
DA:229,0
DA:232,0
DA:250,0
DA:257,0
DA:258,0
DA:259,0
DA:262,0
DA:280,0
DA:287,3
DA:288,0
DA:292,3
DA:293,3
DA:294,0
DA:298,3
DA:301,0
DA:302,0
DA:303,0
DA:305,0
DA:306,0
DA:307,0
DA:310,0
DA:311,0
DA:312,0
DA:315,0
DA:316,0
DA:317,0
DA:321,0
DA:322,0
DA:323,0
DA:324,0
DA:325,0
DA:326,0
DA:327,0
DA:328,0
DA:331,0
DA:349,0
DA:356,3
DA:365,3
DA:366,3
DA:367,2
DA:377,6
DA:408,1
LF:71
LH:22
BRDA:77,0,0,0
BRDA:77,0,1,4
BRDA:115,1,0,0
BRDA:115,1,1,4
BRDA:115,2,0,4
BRDA:115,2,1,0
BRDA:118,3,0,4
BRDA:118,3,1,4
BRDA:130,4,0,0
BRDA:130,4,1,0
BRDA:134,5,0,0
BRDA:134,5,1,0
BRDA:135,6,0,0
BRDA:135,6,1,0
BRDA:166,7,0,0
BRDA:166,7,1,0
BRDA:188,8,0,0
BRDA:188,8,1,5
BRDA:216,9,0,1
BRDA:216,9,1,4
BRDA:228,10,0,0
BRDA:228,10,1,0
BRDA:258,11,0,0
BRDA:258,11,1,0
BRDA:287,12,0,0
BRDA:287,12,1,3
BRDA:293,13,0,0
BRDA:293,13,1,3
BRDA:305,14,0,0
BRDA:305,14,1,0
BRDA:310,15,0,0
BRDA:310,15,1,0
BRDA:315,16,0,0
BRDA:315,16,1,0
BRDA:321,17,0,0
BRDA:321,17,1,0
BRDA:323,18,0,0
BRDA:323,18,1,0
BRDA:325,19,0,0
BRDA:325,19,1,0
BRDA:327,20,0,0
BRDA:327,20,1,0
BRDA:366,21,0,2
BRDA:366,21,1,0
BRDA:389,22,0,4
BRDA:389,22,1,2
BRDA:389,23,0,6
BRDA:389,23,1,4
BRDA:395,24,0,0
BRDA:395,24,1,6
BRDA:396,25,0,0
BRDA:396,25,1,6
BRF:52
BRH:17
end_of_record
TN:
SF:src\services\lightning.service.ts
FN:38,(anonymous_1)
FN:55,(anonymous_2)
FN:106,(anonymous_3)
FN:169,(anonymous_4)
FN:208,(anonymous_5)
FN:237,(anonymous_6)
FN:261,(anonymous_7)
FN:278,(anonymous_8)
FN:288,(anonymous_9)
FN:298,(anonymous_10)
FNF:10
FNH:5
FNDA:1,(anonymous_1)
FNDA:2,(anonymous_2)
FNDA:0,(anonymous_3)
FNDA:0,(anonymous_4)
FNDA:0,(anonymous_5)
FNDA:0,(anonymous_6)
FNDA:4,(anonymous_7)
FNDA:2,(anonymous_8)
FNDA:2,(anonymous_9)
FNDA:0,(anonymous_10)
DA:6,1
DA:7,1
DA:33,1
DA:39,1
DA:40,1
DA:42,1
DA:56,2
DA:58,2
DA:65,0
DA:68,0
DA:69,0
DA:70,0
DA:89,0
DA:97,2
DA:98,2
DA:99,2
DA:107,0
DA:108,0
DA:109,0
DA:110,0
DA:114,0
DA:121,0
DA:122,0
DA:125,0
DA:128,0
DA:129,0
DA:139,0
DA:140,0
DA:143,0
DA:144,0
DA:152,0
DA:160,0
DA:161,0
DA:162,0
DA:170,0
DA:171,0
DA:172,0
DA:173,0
DA:177,0
DA:179,0
DA:181,0
DA:186,0
DA:187,0
DA:190,0
DA:195,0
DA:199,0
DA:200,0
DA:201,0
DA:209,0
DA:210,0
DA:211,0
DA:214,0
DA:227,0
DA:228,0
DA:231,0
DA:238,0
DA:239,0
DA:240,0
DA:243,0
DA:255,0
DA:262,4
DA:265,4
DA:266,4
DA:267,4
DA:269,0
DA:271,0
DA:279,2
DA:280,2
DA:281,2
DA:282,2
DA:289,2
DA:290,2
DA:291,2
DA:292,2
DA:299,0
DA:300,0
DA:301,0
DA:303,0
DA:304,0
DA:309,1
LF:80
LH:24
BRDA:39,0,0,1
BRDA:39,0,1,1
BRDA:40,1,0,1
BRDA:40,1,1,1
BRDA:69,2,0,0
BRDA:69,2,1,0
BRDA:98,3,0,2
BRDA:98,3,1,2
BRDA:109,4,0,0
BRDA:109,4,1,0
BRDA:121,5,0,0
BRDA:121,5,1,0
BRDA:128,6,0,0
BRDA:128,6,1,0
BRDA:143,7,0,0
BRDA:143,7,1,0
BRDA:143,8,0,0
BRDA:143,8,1,0
BRDA:157,9,0,0
BRDA:157,9,1,0
BRDA:161,10,0,0
BRDA:161,10,1,0
BRDA:172,11,0,0
BRDA:172,11,1,0
BRDA:179,12,0,0
BRDA:179,12,1,0
BRDA:186,13,0,0
BRDA:186,13,1,0
BRDA:210,14,0,0
BRDA:210,14,1,0
BRDA:227,15,0,0
BRDA:227,15,1,0
BRDA:239,16,0,0
BRDA:239,16,1,0
BRF:34
BRH:6
end_of_record
TN:
SF:src\services\otp.service.ts
FN:25,(anonymous_0)
FN:57,(anonymous_1)
FN:91,(anonymous_2)
FN:98,(anonymous_3)
FN:105,(anonymous_4)
FN:118,(anonymous_5)
FNF:6
FNH:0
FNDA:0,(anonymous_0)
FNDA:0,(anonymous_1)
FNDA:0,(anonymous_2)
FNDA:0,(anonymous_3)
FNDA:0,(anonymous_4)
FNDA:0,(anonymous_5)
DA:11,0
DA:27,0
DA:28,0
DA:32,0
DA:33,0
DA:34,0
DA:37,0
DA:45,0
DA:48,0
DA:49,0
DA:51,0
DA:58,0
DA:60,0
DA:61,0
DA:65,0
DA:66,0
DA:67,0
DA:71,0
DA:72,0
DA:73,0
DA:77,0
DA:78,0
DA:79,0
DA:80,0
DA:84,0
DA:85,0
DA:92,0
DA:99,0
DA:107,0
DA:108,0
DA:109,0
DA:110,0
DA:111,0
DA:120,0
DA:121,0
DA:125,0
LF:36
LH:0
BRDA:27,0,0,0
BRDA:27,0,1,0
BRDA:60,1,0,0
BRDA:60,1,1,0
BRDA:65,2,0,0
BRDA:65,2,1,0
BRDA:71,3,0,0
BRDA:71,3,1,0
BRDA:77,4,0,0
BRDA:77,4,1,0
BRF:10
BRH:0
end_of_record
TN:
SF:src\services\payment-monitoring.service.ts
FN:37,(anonymous_0)
FN:50,(anonymous_1)
FN:115,(anonymous_2)
FN:137,(anonymous_3)
FN:154,(anonymous_4)
FN:188,(anonymous_5)
FN:191,(anonymous_6)
FN:192,(anonymous_7)
FN:211,(anonymous_8)
FN:224,(anonymous_9)
FN:237,(anonymous_10)
FN:277,(anonymous_11)
FN:286,(anonymous_12)
FN:292,(anonymous_13)
FN:293,(anonymous_14)
FN:302,(anonymous_15)
FN:333,(anonymous_16)
FN:337,(anonymous_17)
FN:342,(anonymous_18)
FN:343,(anonymous_19)
FNF:20
FNH:0
FNDA:0,(anonymous_0)
FNDA:0,(anonymous_1)
FNDA:0,(anonymous_2)
FNDA:0,(anonymous_3)
FNDA:0,(anonymous_4)
FNDA:0,(anonymous_5)
FNDA:0,(anonymous_6)
FNDA:0,(anonymous_7)
FNDA:0,(anonymous_8)
FNDA:0,(anonymous_9)
FNDA:0,(anonymous_10)
FNDA:0,(anonymous_11)
FNDA:0,(anonymous_12)
FNDA:0,(anonymous_13)
FNDA:0,(anonymous_14)
FNDA:0,(anonymous_15)
FNDA:0,(anonymous_16)
FNDA:0,(anonymous_17)
FNDA:0,(anonymous_18)
FNDA:0,(anonymous_19)
DA:38,0
DA:41,0
DA:42,0
DA:51,0
DA:52,0
DA:53,0
DA:56,0
DA:58,0
DA:72,0
DA:75,0
DA:83,0
DA:90,0
DA:91,0
DA:92,0
DA:96,0
DA:107,0
DA:108,0
DA:116,0
DA:117,0
DA:118,0
DA:121,0
DA:122,0
DA:137,0
DA:146,0
DA:147,0
DA:159,0
DA:160,0
DA:161,0
DA:163,0
DA:164,0
DA:166,0
DA:169,0
DA:174,0
DA:175,0
DA:177,0
DA:189,0
DA:191,0
DA:192,0
DA:194,0
DA:201,0
DA:212,0
DA:218,0
DA:225,0
DA:231,0
DA:238,0
DA:239,0
DA:240,0
DA:243,0
DA:245,0
DA:247,0
DA:248,0
DA:249,0
DA:253,0
DA:255,0
DA:258,0
DA:259,0
DA:260,0
DA:264,0
DA:265,0
DA:268,0
DA:270,0
DA:278,0
DA:279,0
DA:280,0
DA:283,0
DA:286,0
DA:287,0
DA:291,0
DA:292,0
DA:293,0
DA:294,0
DA:303,0
DA:304,0
DA:305,0
DA:308,0
DA:309,0
DA:317,0
DA:319,0
DA:320,0
DA:323,0
DA:325,0
DA:326,0
DA:334,0
DA:337,0
DA:338,0
DA:342,0
DA:343,0
DA:344,0
DA:350,0
LF:89
LH:0
BRDA:39,0,0,0
BRDA:39,0,1,0
BRDA:43,1,0,0
BRDA:43,1,1,0
BRDA:52,2,0,0
BRDA:52,2,1,0
BRDA:90,3,0,0
BRDA:90,3,1,0
BRDA:91,4,0,0
BRDA:91,4,1,0
BRDA:92,5,0,0
BRDA:92,5,1,0
BRDA:99,6,0,0
BRDA:99,6,1,0
BRDA:101,7,0,0
BRDA:101,7,1,0
BRDA:102,8,0,0
BRDA:102,8,1,0
BRDA:103,9,0,0
BRDA:103,9,1,0
BRDA:104,10,0,0
BRDA:104,10,1,0
BRDA:117,11,0,0
BRDA:117,11,1,0
BRDA:163,12,0,0
BRDA:163,12,1,0
BRDA:189,13,0,0
BRDA:189,13,1,0
BRDA:238,14,0,0
BRDA:238,14,1,0
BRDA:248,15,0,0
BRDA:248,15,1,0
BRDA:258,16,0,0
BRDA:258,16,1,0
BRDA:264,17,0,0
BRDA:264,17,1,0
BRDA:264,18,0,0
BRDA:264,18,1,0
BRDA:278,19,0,0
BRDA:278,19,1,0
BRDA:304,20,0,0
BRDA:304,20,1,0
BRDA:313,21,0,0
BRDA:313,21,1,0
BRDA:317,22,0,0
BRDA:317,22,1,0
BRDA:319,23,0,0
BRDA:319,23,1,0
BRF:48
BRH:0
end_of_record
TN:
SF:src\services\review.service.ts
FN:33,(anonymous_0)
FN:40,(anonymous_1)
FN:88,(anonymous_2)
FN:115,(anonymous_3)
FN:134,(anonymous_4)
FN:140,(anonymous_5)
FN:156,(anonymous_6)
FN:162,(anonymous_7)
FN:185,(anonymous_8)
FN:224,(anonymous_9)
FNF:10
FNH:0
FNDA:0,(anonymous_0)
FNDA:0,(anonymous_1)
FNDA:0,(anonymous_2)
FNDA:0,(anonymous_3)
FNDA:0,(anonymous_4)
FNDA:0,(anonymous_5)
FNDA:0,(anonymous_6)
FNDA:0,(anonymous_7)
FNDA:0,(anonymous_8)
FNDA:0,(anonymous_9)
DA:34,0
DA:41,0
DA:42,0
DA:46,0
DA:47,0
DA:51,0
DA:56,0
DA:57,0
DA:61,0
DA:74,0
DA:77,0
DA:78,0
DA:79,0
DA:82,0
DA:89,0
DA:90,0
DA:93,0
DA:105,0
DA:106,0
DA:109,0
DA:116,0
DA:117,0
DA:120,0
DA:134,0
DA:141,0
DA:142,0
DA:145,0
DA:156,0
DA:163,0
DA:164,0
DA:167,0
DA:176,0
DA:186,0
DA:187,0
DA:191,0
DA:196,0
DA:197,0
DA:200,0
DA:203,0
DA:204,0
DA:208,0
DA:209,0
DA:213,0
DA:218,0
DA:225,0
DA:239,0
LF:46
LH:0
BRDA:41,0,0,0
BRDA:41,0,1,0
BRDA:46,1,0,0
BRDA:46,1,1,0
BRDA:46,2,0,0
BRDA:46,2,1,0
BRDA:56,3,0,0
BRDA:56,3,1,0
BRDA:70,4,0,0
BRDA:70,4,1,0
BRDA:78,5,0,0
BRDA:78,5,1,0
BRDA:89,6,0,0
BRDA:89,6,1,0
BRDA:105,7,0,0
BRDA:105,7,1,0
BRDA:115,8,0,0
BRDA:116,9,0,0
BRDA:116,9,1,0
BRDA:141,10,0,0
BRDA:141,10,1,0
BRDA:163,11,0,0
BRDA:163,11,1,0
BRDA:186,12,0,0
BRDA:186,12,1,0
BRDA:196,13,0,0
BRDA:196,13,1,0
BRDA:203,14,0,0
BRDA:203,14,1,0
BRDA:208,15,0,0
BRDA:208,15,1,0
BRDA:208,16,0,0
BRDA:208,16,1,0
BRF:33
BRH:0
end_of_record
TN:
SF:src\services\runner.service.ts
FN:58,(anonymous_0)
FN:65,(anonymous_1)
FN:115,(anonymous_2)
FN:147,(anonymous_3)
FN:176,(anonymous_4)
FN:224,(anonymous_5)
FN:235,(anonymous_6)
FN:305,(anonymous_7)
FN:324,(anonymous_8)
FN:355,(anonymous_9)
FN:377,(anonymous_10)
FNF:11
FNH:10
FNDA:15,(anonymous_0)
FNDA:3,(anonymous_1)
FNDA:2,(anonymous_2)
FNDA:0,(anonymous_3)
FNDA:3,(anonymous_4)
FNDA:8,(anonymous_5)
FNDA:2,(anonymous_6)
FNDA:1,(anonymous_7)
FNDA:2,(anonymous_8)
FNDA:1,(anonymous_9)
FNDA:15,(anonymous_10)
DA:7,1
DA:55,1
DA:59,15
DA:66,3
DA:67,0
DA:71,3
DA:76,3
DA:77,1
DA:80,2
DA:109,2
DA:116,2
DA:117,2
DA:118,2
DA:119,0
DA:122,2
DA:137,2
DA:138,1
DA:141,1
DA:148,0
DA:149,0
DA:150,0
DA:153,0
DA:166,0
DA:167,0
DA:170,0
DA:177,3
DA:178,0
DA:181,3
DA:182,3
DA:183,3
DA:185,3
DA:208,3
DA:210,3
DA:211,3
DA:214,3
DA:215,1
DA:216,1
DA:219,3
DA:220,3
DA:222,3
DA:224,8
DA:236,2
DA:237,0
DA:241,2
DA:242,2
DA:243,2
DA:245,2
DA:246,1
DA:247,1
DA:250,2
DA:251,0
DA:252,0
DA:255,2
DA:256,1
DA:257,1
DA:260,2
DA:261,0
DA:262,0
DA:265,2
DA:266,0
DA:267,0
DA:270,2
DA:271,1
DA:272,1
DA:275,2
DA:276,0
DA:279,2
DA:281,2
DA:295,2
DA:296,0
DA:299,2
DA:306,1
DA:307,1
DA:308,1
DA:309,0
DA:312,1
DA:325,2
DA:326,2
DA:327,2
DA:328,0
DA:331,2
DA:345,2
DA:346,0
DA:349,2
DA:356,1
DA:357,0
DA:360,1
DA:378,15
DA:399,1
LF:89
LH:66
BRDA:66,0,0,0
BRDA:66,0,1,3
BRDA:76,1,0,1
BRDA:76,1,1,2
BRDA:101,2,0,1
BRDA:101,2,1,1
BRDA:101,3,0,2
BRDA:101,3,1,1
BRDA:104,4,0,2
BRDA:104,4,1,1
BRDA:105,5,0,2
BRDA:105,5,1,1
BRDA:116,6,0,0
BRDA:116,6,1,2
BRDA:118,7,0,0
BRDA:118,7,1,2
BRDA:137,8,0,1
BRDA:137,8,1,1
BRDA:149,9,0,0
BRDA:149,9,1,0
BRDA:166,10,0,0
BRDA:166,10,1,0
BRDA:177,11,0,0
BRDA:177,11,1,3
BRDA:181,12,0,3
BRDA:181,12,1,0
BRDA:182,13,0,3
BRDA:182,13,1,2
BRDA:210,14,0,3
BRDA:210,14,1,0
BRDA:214,15,0,1
BRDA:214,15,1,2
BRDA:236,16,0,0
BRDA:236,16,1,2
BRDA:245,17,0,1
BRDA:245,17,1,1
BRDA:250,18,0,0
BRDA:250,18,1,2
BRDA:255,19,0,1
BRDA:255,19,1,1
BRDA:255,20,0,2
BRDA:255,20,1,1
BRDA:260,21,0,0
BRDA:260,21,1,2
BRDA:265,22,0,0
BRDA:265,22,1,2
BRDA:270,23,0,1
BRDA:270,23,1,1
BRDA:275,24,0,0
BRDA:275,24,1,2
BRDA:295,25,0,0
BRDA:295,25,1,2
BRDA:306,26,0,0
BRDA:306,26,1,1
BRDA:308,27,0,0
BRDA:308,27,1,1
BRDA:325,28,0,0
BRDA:325,28,1,2
BRDA:327,29,0,0
BRDA:327,29,1,2
BRDA:345,30,0,0
BRDA:345,30,1,2
BRDA:356,31,0,0
BRDA:356,31,1,1
BRDA:383,32,0,14
BRDA:383,32,1,1
BRDA:383,33,0,15
BRDA:383,33,1,14
BRDA:389,34,0,15
BRDA:389,34,1,0
BRF:70
BRH:47
end_of_record
TN:
SF:src\services\auth\AuthService.ts
FN:46,(anonymous_0)
FN:55,(anonymous_1)
FN:107,(anonymous_2)
FN:154,(anonymous_3)
FN:171,(anonymous_4)
FN:212,(anonymous_5)
FNF:6
FNH:0
FNDA:0,(anonymous_0)
FNDA:0,(anonymous_1)
FNDA:0,(anonymous_2)
FNDA:0,(anonymous_3)
FNDA:0,(anonymous_4)
FNDA:0,(anonymous_5)
DA:47,0
DA:48,0
DA:49,0
DA:56,0
DA:59,0
DA:60,0
DA:61,0
DA:68,0
DA:69,0
DA:70,0
DA:77,0
DA:80,0
DA:86,0
DA:89,0
DA:94,0
DA:108,0
DA:111,0
DA:112,0
DA:113,0
DA:120,0
DA:125,0
DA:126,0
DA:127,0
DA:133,0
DA:136,0
DA:141,0
DA:155,0
DA:157,0
DA:159,0
DA:175,0
DA:177,0
DA:179,0
DA:180,0
DA:183,0
DA:185,0
DA:186,0
DA:187,0
DA:193,0
DA:196,0
DA:198,0
DA:200,0
DA:217,0
DA:224,0
DA:225,0
DA:226,0
DA:233,0
DA:236,0
DA:240,0
LF:48
LH:0
BRDA:60,0,0,0
BRDA:60,0,1,0
BRDA:69,1,0,0
BRDA:69,1,1,0
BRDA:83,2,0,0
BRDA:83,2,1,0
BRDA:112,3,0,0
BRDA:112,3,1,0
BRDA:125,4,0,0
BRDA:125,4,1,0
BRDA:163,5,0,0
BRDA:163,5,1,0
BRDA:179,6,0,0
BRDA:179,6,1,0
BRDA:183,7,0,0
BRDA:183,7,1,0
BRDA:186,8,0,0
BRDA:186,8,1,0
BRDA:204,9,0,0
BRDA:204,9,1,0
BRDA:225,10,0,0
BRDA:225,10,1,0
BRF:22
BRH:0
end_of_record
TN:
SF:src\services\auth\PasswordService.ts
FN:13,(anonymous_0)
FN:20,(anonymous_1)
FN:27,(anonymous_2)
FNF:3
FNH:0
FNDA:0,(anonymous_0)
FNDA:0,(anonymous_1)
FNDA:0,(anonymous_2)
DA:14,0
DA:21,0
DA:28,0
DA:30,0
DA:31,0
DA:34,0
DA:35,0
DA:38,0
LF:8
LH:0
BRDA:30,0,0,0
BRDA:30,0,1,0
BRDA:34,1,0,0
BRDA:34,1,1,0
BRF:4
BRH:0
end_of_record
TN:
SF:src\services\auth\TokenService.ts
FN:14,(anonymous_0)
FN:21,(anonymous_1)
FNF:2
FNH:0
FNDA:0,(anonymous_0)
FNDA:0,(anonymous_1)
DA:15,0
DA:22,0
DA:23,0
DA:25,0
LF:4
LH:0
BRF:0
BRH:0
end_of_record
TN:
SF:src\services\job\JobService.ts
FN:43,(anonymous_0)
FN:51,(anonymous_1)
FN:116,(anonymous_2)
FN:141,(anonymous_3)
FN:210,(anonymous_4)
FN:232,(anonymous_5)
FN:258,(anonymous_6)
FN:285,(anonymous_7)
FN:313,(anonymous_8)
FN:342,(anonymous_9)
FN:358,(anonymous_10)
FN:363,(anonymous_11)
FN:380,(anonymous_12)
FN:385,(anonymous_13)
FN:402,(anonymous_14)
FNF:15
FNH:0
FNDA:0,(anonymous_0)
FNDA:0,(anonymous_1)
FNDA:0,(anonymous_2)
FNDA:0,(anonymous_3)
FNDA:0,(anonymous_4)
FNDA:0,(anonymous_5)
FNDA:0,(anonymous_6)
FNDA:0,(anonymous_7)
FNDA:0,(anonymous_8)
FNDA:0,(anonymous_9)
FNDA:0,(anonymous_10)
FNDA:0,(anonymous_11)
FNDA:0,(anonymous_12)
FNDA:0,(anonymous_13)
FNDA:0,(anonymous_14)
DA:44,0
DA:45,0
DA:52,0
DA:55,0
DA:56,0
DA:57,0
DA:61,0
DA:62,0
DA:66,0
DA:67,0
DA:70,0
DA:71,0
DA:75,0
DA:76,0
DA:79,0
DA:80,0
DA:84,0
DA:85,0
DA:88,0
DA:97,0
DA:99,0
DA:101,0
DA:117,0
DA:119,0
DA:121,0
DA:142,0
DA:144,0
DA:147,0
DA:148,0
DA:152,0
DA:153,0
DA:157,0
DA:158,0
DA:159,0
DA:161,0
DA:162,0
DA:166,0
DA:167,0
DA:168,0
DA:170,0
DA:171,0
DA:175,0
DA:176,0
DA:179,0
DA:180,0
DA:183,0
DA:191,0
DA:193,0
DA:195,0
DA:211,0
DA:214,0
DA:215,0
DA:216,0
DA:221,0
DA:223,0
DA:226,0
DA:233,0
DA:235,0
DA:238,0
DA:239,0
DA:243,0
DA:244,0
DA:247,0
DA:249,0
DA:252,0
DA:259,0
DA:261,0
DA:264,0
DA:265,0
DA:269,0
DA:270,0
DA:274,0
DA:276,0
DA:279,0
DA:286,0
DA:288,0
DA:291,0
DA:292,0
DA:296,0
DA:297,0
DA:300,0
DA:302,0
DA:304,0
DA:314,0
DA:319,0
DA:320,0
DA:329,0
DA:339,0
DA:342,0
DA:359,0
DA:361,0
DA:363,0
DA:381,0
DA:383,0
DA:385,0
DA:403,0
DA:405,0
DA:408,0
DA:409,0
DA:413,0
DA:414,0
DA:417,0
DA:419,0
LF:103
LH:0
BRDA:56,0,0,0
BRDA:56,0,1,0
BRDA:61,1,0,0
BRDA:61,1,1,0
BRDA:66,2,0,0
BRDA:66,2,1,0
BRDA:70,3,0,0
BRDA:70,3,1,0
BRDA:75,4,0,0
BRDA:75,4,1,0
BRDA:79,5,0,0
BRDA:79,5,1,0
BRDA:84,6,0,0
BRDA:84,6,1,0
BRDA:84,7,0,0
BRDA:84,7,1,0
BRDA:147,8,0,0
BRDA:147,8,1,0
BRDA:152,9,0,0
BRDA:152,9,1,0
BRDA:157,10,0,0
BRDA:157,10,1,0
BRDA:158,11,0,0
BRDA:158,11,1,0
BRDA:161,12,0,0
BRDA:161,12,1,0
BRDA:166,13,0,0
BRDA:166,13,1,0
BRDA:167,14,0,0
BRDA:167,14,1,0
BRDA:170,15,0,0
BRDA:170,15,1,0
BRDA:175,16,0,0
BRDA:175,16,1,0
BRDA:175,17,0,0
BRDA:175,17,1,0
BRDA:179,18,0,0
BRDA:179,18,1,0
BRDA:179,19,0,0
BRDA:179,19,1,0
BRDA:215,20,0,0
BRDA:215,20,1,0
BRDA:238,21,0,0
BRDA:238,21,1,0
BRDA:243,22,0,0
BRDA:243,22,1,0
BRDA:264,23,0,0
BRDA:264,23,1,0
BRDA:269,24,0,0
BRDA:269,24,1,0
BRDA:291,25,0,0
BRDA:291,25,1,0
BRDA:296,26,0,0
BRDA:296,26,1,0
BRDA:296,27,0,0
BRDA:296,27,1,0
BRDA:319,28,0,0
BRDA:319,28,1,0
BRDA:319,29,0,0
BRDA:319,29,1,0
BRDA:319,29,2,0
BRDA:324,30,0,0
BRDA:324,30,1,0
BRDA:325,31,0,0
BRDA:325,31,1,0
BRDA:335,32,0,0
BRDA:335,32,1,0
BRDA:336,33,0,0
BRDA:336,33,1,0
BRDA:358,34,0,0
BRDA:358,35,0,0
BRDA:380,36,0,0
BRDA:380,37,0,0
BRDA:408,38,0,0
BRDA:408,38,1,0
BRDA:413,39,0,0
BRDA:413,39,1,0
BRDA:413,40,0,0
BRDA:413,40,1,0
BRDA:413,41,0,0
BRDA:413,41,1,0
BRF:81
BRH:0
end_of_record
TN:
SF:src\services\lightning\RealLightningService.ts
FN:50,(anonymous_0)
FN:90,(anonymous_1)
FN:139,(anonymous_2)
FN:188,(anonymous_3)
FN:240,(anonymous_4)
FN:250,(anonymous_5)
FN:262,(anonymous_6)
FN:298,(anonymous_7)
FN:322,(anonymous_8)
FN:331,(anonymous_9)
FN:371,(anonymous_10)
FN:378,(anonymous_11)
FNF:12
FNH:0
FNDA:0,(anonymous_0)
FNDA:0,(anonymous_1)
FNDA:0,(anonymous_2)
FNDA:0,(anonymous_3)
FNDA:0,(anonymous_4)
FNDA:0,(anonymous_5)
FNDA:0,(anonymous_6)
FNDA:0,(anonymous_7)
FNDA:0,(anonymous_8)
FNDA:0,(anonymous_9)
FNDA:0,(anonymous_10)
FNDA:0,(anonymous_11)
DA:52,0
DA:59,0
DA:61,0
DA:62,0
DA:63,0
DA:67,0
DA:76,0
DA:96,0
DA:97,0
DA:100,0
DA:101,0
DA:104,0
DA:112,0
DA:114,0
DA:122,0
DA:128,0
DA:129,0
DA:141,0
DA:142,0
DA:145,0
DA:146,0
DA:149,0
DA:151,0
DA:153,0
DA:159,0
DA:160,0
DA:163,0
DA:164,0
DA:167,0
DA:169,0
DA:175,0
DA:195,0
DA:196,0
DA:199,0
DA:200,0
DA:203,0
DA:208,0
DA:210,0
DA:215,0
DA:221,0
DA:226,0
DA:241,0
DA:251,0
DA:267,0
DA:270,0
DA:271,0
DA:272,0
DA:278,0
DA:279,0
DA:285,0
DA:299,0
DA:300,0
DA:302,0
DA:303,0
DA:309,0
DA:328,0
DA:331,0
DA:334,0
DA:335,0
DA:336,0
DA:342,0
DA:343,0
DA:346,0
DA:347,0
DA:349,0
DA:350,0
DA:352,0
DA:354,0
DA:362,0
DA:372,0
DA:384,0
DA:394,0
LF:72
LH:0
BRDA:53,0,0,0
BRDA:53,0,1,0
BRDA:53,0,2,0
BRDA:54,1,0,0
BRDA:54,1,1,0
BRDA:54,1,2,0
BRDA:55,2,0,0
BRDA:55,2,1,0
BRDA:55,2,2,0
BRDA:59,3,0,0
BRDA:59,3,1,0
BRDA:61,4,0,0
BRDA:61,4,1,0
BRDA:77,5,0,0
BRDA:77,5,1,0
BRDA:78,6,0,0
BRDA:78,6,1,0
BRDA:92,7,0,0
BRDA:93,8,0,0
BRDA:96,9,0,0
BRDA:96,9,1,0
BRDA:141,10,0,0
BRDA:141,10,1,0
BRDA:156,11,0,0
BRDA:156,11,1,0
BRDA:159,12,0,0
BRDA:159,12,1,0
BRDA:163,13,0,0
BRDA:163,13,1,0
BRDA:195,14,0,0
BRDA:195,14,1,0
BRDA:278,15,0,0
BRDA:278,15,1,0
BRDA:299,16,0,0
BRDA:299,16,1,0
BRDA:302,17,0,0
BRDA:302,17,1,0
BRDA:312,18,0,0
BRDA:312,18,1,0
BRDA:313,19,0,0
BRDA:313,19,1,0
BRDA:314,20,0,0
BRDA:314,20,1,0
BRDA:314,21,0,0
BRDA:314,21,1,0
BRDA:335,22,0,0
BRDA:335,22,1,0
BRDA:343,23,0,0
BRDA:343,23,1,0
BRDA:347,24,0,0
BRDA:347,24,1,0
BRDA:386,25,0,0
BRDA:386,25,1,0
BRDA:387,26,0,0
BRDA:387,26,1,0
BRF:55
BRH:0
end_of_record
TN:
SF:src\services\payment\PaymentService.ts
FN:24,(anonymous_0)
FN:32,(anonymous_1)
FN:92,(anonymous_2)
FN:111,(anonymous_3)
FN:134,(anonymous_4)
FN:157,(anonymous_5)
FN:193,(anonymous_6)
FN:198,(anonymous_7)
FN:211,(anonymous_8)
FN:227,(anonymous_9)
FN:237,(anonymous_10)
FN:275,(anonymous_11)
FNF:12
FNH:0
FNDA:0,(anonymous_0)
FNDA:0,(anonymous_1)
FNDA:0,(anonymous_2)
FNDA:0,(anonymous_3)
FNDA:0,(anonymous_4)
FNDA:0,(anonymous_5)
FNDA:0,(anonymous_6)
FNDA:0,(anonymous_7)
FNDA:0,(anonymous_8)
FNDA:0,(anonymous_9)
FNDA:0,(anonymous_10)
FNDA:0,(anonymous_11)
DA:25,0
DA:26,0
DA:33,0
DA:36,0
DA:39,0
DA:40,0
DA:44,0
DA:45,0
DA:46,0
DA:50,0
DA:51,0
DA:56,0
DA:57,0
DA:58,0
DA:66,0
DA:72,0
DA:75,0
DA:77,0
DA:79,0
DA:93,0
DA:95,0
DA:97,0
DA:112,0
DA:114,0
DA:116,0
DA:117,0
DA:120,0
DA:135,0
DA:137,0
DA:139,0
DA:140,0
DA:143,0
DA:158,0
DA:161,0
DA:162,0
DA:165,0
DA:168,0
DA:169,0
DA:173,0
DA:174,0
DA:177,0
DA:179,0
DA:181,0
DA:194,0
DA:196,0
DA:198,0
DA:212,0
DA:214,0
DA:215,0
DA:217,0
DA:229,0
DA:230,0
DA:238,0
DA:239,0
DA:240,0
DA:243,0
DA:245,0
DA:246,0
DA:252,0
DA:254,0
DA:255,0
DA:261,0
DA:263,0
DA:267,0
DA:286,0
DA:289,0
DA:291,0
DA:292,0
DA:297,0
DA:300,0
DA:301,0
DA:303,0
DA:311,0
DA:313,0
LF:74
LH:0
BRDA:39,0,0,0
BRDA:39,0,1,0
BRDA:45,1,0,0
BRDA:45,1,1,0
BRDA:50,2,0,0
BRDA:50,2,1,0
BRDA:57,3,0,0
BRDA:57,3,1,0
BRDA:69,4,0,0
BRDA:69,4,1,0
BRDA:116,5,0,0
BRDA:116,5,1,0
BRDA:139,6,0,0
BRDA:139,6,1,0
BRDA:161,7,0,0
BRDA:161,7,1,0
BRDA:168,8,0,0
BRDA:168,8,1,0
BRDA:173,9,0,0
BRDA:173,9,1,0
BRDA:173,10,0,0
BRDA:173,10,1,0
BRDA:193,11,0,0
BRDA:193,12,0,0
BRDA:220,13,0,0
BRDA:220,13,1,0
BRDA:238,14,0,0
BRDA:238,14,1,0
BRDA:254,15,0,0
BRDA:254,15,1,0
BRDA:291,16,0,0
BRDA:291,16,1,0
BRF:32
BRH:0
end_of_record
TN:
SF:src\services\review\ReviewService.ts
FN:25,(anonymous_0)
FN:34,(anonymous_1)
FN:95,(anonymous_2)
FN:113,(anonymous_3)
FN:135,(anonymous_4)
FN:140,(anonymous_5)
FN:153,(anonymous_6)
FN:158,(anonymous_7)
FN:170,(anonymous_8)
FN:219,(anonymous_9)
FN:235,(anonymous_10)
FN:261,(anonymous_11)
FNF:12
FNH:0
FNDA:0,(anonymous_0)
FNDA:0,(anonymous_1)
FNDA:0,(anonymous_2)
FNDA:0,(anonymous_3)
FNDA:0,(anonymous_4)
FNDA:0,(anonymous_5)
FNDA:0,(anonymous_6)
FNDA:0,(anonymous_7)
FNDA:0,(anonymous_8)
FNDA:0,(anonymous_9)
FNDA:0,(anonymous_10)
FNDA:0,(anonymous_11)
DA:26,0
DA:27,0
DA:28,0
DA:35,0
DA:38,0
DA:41,0
DA:42,0
DA:46,0
DA:47,0
DA:51,0
DA:52,0
DA:53,0
DA:57,0
DA:58,0
DA:62,0
DA:63,0
DA:66,0
DA:73,0
DA:76,0
DA:77,0
DA:80,0
DA:82,0
DA:96,0
DA:98,0
DA:100,0
DA:114,0
DA:116,0
DA:118,0
DA:119,0
DA:122,0
DA:136,0
DA:138,0
DA:140,0
DA:154,0
DA:156,0
DA:158,0
DA:171,0
DA:173,0
DA:176,0
DA:177,0
DA:181,0
DA:182,0
DA:186,0
DA:187,0
DA:190,0
DA:195,0
DA:198,0
DA:199,0
DA:200,0
DA:201,0
DA:205,0
DA:207,0
DA:220,0
DA:222,0
DA:223,0
DA:225,0
DA:236,0
DA:238,0
DA:241,0
DA:242,0
DA:246,0
DA:248,0
DA:251,0
DA:252,0
DA:255,0
DA:262,0
DA:264,0
DA:265,0
DA:268,0
DA:271,0
DA:273,0
DA:274,0
DA:279,0
LF:73
LH:0
BRDA:41,0,0,0
BRDA:41,0,1,0
BRDA:41,1,0,0
BRDA:41,1,1,0
BRDA:46,2,0,0
BRDA:46,2,1,0
BRDA:52,3,0,0
BRDA:52,3,1,0
BRDA:57,4,0,0
BRDA:57,4,1,0
BRDA:57,5,0,0
BRDA:57,5,1,0
BRDA:62,6,0,0
BRDA:62,6,1,0
BRDA:62,7,0,0
BRDA:62,7,1,0
BRDA:76,8,0,0
BRDA:76,8,1,0
BRDA:118,9,0,0
BRDA:118,9,1,0
BRDA:135,10,0,0
BRDA:135,11,0,0
BRDA:153,12,0,0
BRDA:153,13,0,0
BRDA:176,14,0,0
BRDA:176,14,1,0
BRDA:181,15,0,0
BRDA:181,15,1,0
BRDA:181,16,0,0
BRDA:181,16,1,0
BRDA:181,16,2,0
BRDA:186,17,0,0
BRDA:186,17,1,0
BRDA:186,18,0,0
BRDA:186,18,1,0
BRDA:198,19,0,0
BRDA:198,19,1,0
BRDA:200,20,0,0
BRDA:200,20,1,0
BRDA:241,21,0,0
BRDA:241,21,1,0
BRDA:251,22,0,0
BRDA:251,22,1,0
BRDA:273,23,0,0
BRDA:273,23,1,0
BRF:45
BRH:0
end_of_record
TN:
SF:src\services\runner\RunnerService.ts
FN:45,(anonymous_0)
FN:53,(anonymous_1)
FN:132,(anonymous_2)
FN:157,(anonymous_3)
FN:186,(anonymous_4)
FN:247,(anonymous_5)
FN:278,(anonymous_6)
FN:295,(anonymous_7)
FN:300,(anonymous_8)
FN:317,(anonymous_9)
FN:332,(anonymous_10)
FN:356,(anonymous_11)
FNF:12
FNH:0
FNDA:0,(anonymous_0)
FNDA:0,(anonymous_1)
FNDA:0,(anonymous_2)
FNDA:0,(anonymous_3)
FNDA:0,(anonymous_4)
FNDA:0,(anonymous_5)
FNDA:0,(anonymous_6)
FNDA:0,(anonymous_7)
FNDA:0,(anonymous_8)
FNDA:0,(anonymous_9)
FNDA:0,(anonymous_10)
FNDA:0,(anonymous_11)
DA:46,0
DA:47,0
DA:54,0
DA:57,0
DA:58,0
DA:59,0
DA:63,0
DA:64,0
DA:65,0
DA:69,0
DA:70,0
DA:74,0
DA:75,0
DA:76,0
DA:79,0
DA:80,0
DA:84,0
DA:85,0
DA:89,0
DA:90,0
DA:94,0
DA:95,0
DA:98,0
DA:109,0
DA:111,0
DA:113,0
DA:133,0
DA:135,0
DA:137,0
DA:158,0
DA:160,0
DA:162,0
DA:163,0
DA:166,0
DA:187,0
DA:189,0
DA:192,0
DA:193,0
DA:197,0
DA:198,0
DA:199,0
DA:201,0
DA:202,0
DA:206,0
DA:207,0
DA:210,0
DA:211,0
DA:214,0
DA:215,0
DA:218,0
DA:228,0
DA:230,0
DA:232,0
DA:248,0
DA:253,0
DA:254,0
DA:263,0
DA:275,0
DA:278,0
DA:296,0
DA:298,0
DA:300,0
DA:318,0
DA:320,0
DA:326,0
DA:333,0
DA:335,0
DA:338,0
DA:339,0
DA:343,0
DA:344,0
DA:348,0
DA:350,0
DA:358,0
DA:359,0
LF:75
LH:0
BRDA:58,0,0,0
BRDA:58,0,1,0
BRDA:64,1,0,0
BRDA:64,1,1,0
BRDA:69,2,0,0
BRDA:69,2,1,0
BRDA:75,3,0,0
BRDA:75,3,1,0
BRDA:79,4,0,0
BRDA:79,4,1,0
BRDA:84,5,0,0
BRDA:84,5,1,0
BRDA:84,6,0,0
BRDA:84,6,1,0
BRDA:89,7,0,0
BRDA:89,7,1,0
BRDA:89,8,0,0
BRDA:89,8,1,0
BRDA:94,9,0,0
BRDA:94,9,1,0
BRDA:94,10,0,0
BRDA:94,10,1,0
BRDA:104,11,0,0
BRDA:104,11,1,0
BRDA:162,12,0,0
BRDA:162,12,1,0
BRDA:192,13,0,0
BRDA:192,13,1,0
BRDA:197,14,0,0
BRDA:197,14,1,0
BRDA:198,15,0,0
BRDA:198,15,1,0
BRDA:201,16,0,0
BRDA:201,16,1,0
BRDA:206,17,0,0
BRDA:206,17,1,0
BRDA:206,18,0,0
BRDA:206,18,1,0
BRDA:210,19,0,0
BRDA:210,19,1,0
BRDA:210,20,0,0
BRDA:210,20,1,0
BRDA:214,21,0,0
BRDA:214,21,1,0
BRDA:214,22,0,0
BRDA:214,22,1,0
BRDA:253,23,0,0
BRDA:253,23,1,0
BRDA:253,24,0,0
BRDA:253,24,1,0
BRDA:253,24,2,0
BRDA:258,25,0,0
BRDA:258,25,1,0
BRDA:259,26,0,0
BRDA:259,26,1,0
BRDA:271,27,0,0
BRDA:271,27,1,0
BRDA:272,28,0,0
BRDA:272,28,1,0
BRDA:295,29,0,0
BRDA:295,30,0,0
BRDA:338,31,0,0
BRDA:338,31,1,0
BRDA:343,32,0,0
BRDA:343,32,1,0
BRF:65
BRH:0
end_of_record
TN:
SF:src\utils\error.ts
FN:11,notFound
FN:19,errorHandler
FNF:2
FNH:0
FNDA:0,notFound
FNDA:0,errorHandler
DA:12,0
DA:13,0
DA:25,0
DA:26,0
LF:4
LH:0
BRDA:25,0,0,0
BRDA:25,0,1,0
BRDA:28,1,0,0
BRDA:28,1,1,0
BRF:4
BRH:0
end_of_record
TN:
SF:src\utils\jwt.ts
FN:37,generateToken
FN:49,verifyToken
FN:69,extractToken
FNF:3
FNH:0
FNDA:0,generateToken
FNDA:0,verifyToken
FNDA:0,extractToken
DA:11,0
DA:13,0
DA:14,0
DA:22,0
DA:23,0
DA:30,0
DA:38,0
DA:50,0
DA:51,0
DA:52,0
DA:54,0
DA:55,0
DA:57,0
DA:58,0
DA:60,0
DA:70,0
DA:72,0
DA:73,0
DA:74,0
DA:76,0
DA:77,0
DA:80,0
LF:22
LH:0
BRDA:11,0,0,0
BRDA:11,0,1,0
BRDA:13,1,0,0
BRDA:13,1,1,0
BRDA:22,2,0,0
BRDA:22,2,1,0
BRDA:30,3,0,0
BRDA:30,3,1,0
BRDA:54,4,0,0
BRDA:54,4,1,0
BRDA:57,5,0,0
BRDA:57,5,1,0
BRDA:70,6,0,0
BRDA:70,6,1,0
BRDA:73,7,0,0
BRDA:73,7,1,0
BRDA:73,8,0,0
BRDA:73,8,1,0
BRDA:76,9,0,0
BRDA:76,9,1,0
BRF:20
BRH:0
end_of_record
TN:
SF:src\utils\lightning.ts
FN:28,decodeLightningInvoice
FN:34,(anonymous_1)
FN:40,(anonymous_2)
FN:47,(anonymous_3)
FN:53,(anonymous_4)
FN:61,(anonymous_5)
FN:92,validateLightningInvoice
FN:157,verifyPreimage
FN:186,centsToSats
FN:199,satsToCents
FN:215,recordPayment
FNF:11
FNH:0
FNDA:0,decodeLightningInvoice
FNDA:0,(anonymous_1)
FNDA:0,(anonymous_2)
FNDA:0,(anonymous_3)
FNDA:0,(anonymous_4)
FNDA:0,(anonymous_5)
FNDA:0,validateLightningInvoice
FNDA:0,verifyPreimage
FNDA:0,centsToSats
FNDA:0,satsToCents
FNDA:0,recordPayment
DA:29,0
DA:30,0
DA:33,0
DA:34,0
DA:36,0
DA:39,0
DA:40,0
DA:42,0
DA:43,0
DA:46,0
DA:47,0
DA:49,0
DA:52,0
DA:53,0
DA:55,0
DA:60,0
DA:61,0
DA:63,0
DA:67,0
DA:69,0
DA:70,0
DA:73,0
DA:81,0
DA:97,0
DA:99,0
DA:102,0
DA:103,0
DA:111,0
DA:112,0
DA:113,0
DA:115,0
DA:116,0
DA:125,0
DA:130,0
DA:131,0
DA:138,0
DA:143,0
DA:161,0
DA:163,0
DA:164,0
DA:168,0
DA:174,0
DA:176,0
DA:187,0
DA:188,0
DA:189,0
DA:190,0
DA:200,0
DA:201,0
DA:202,0
DA:203,0
DA:222,0
DA:229,0
LF:53
LH:0
BRDA:43,0,0,0
BRDA:43,0,1,0
BRDA:55,1,0,0
BRDA:55,1,1,0
BRDA:63,2,0,0
BRDA:63,2,1,0
BRDA:69,3,0,0
BRDA:69,3,1,0
BRDA:81,4,0,0
BRDA:81,4,1,0
BRDA:102,5,0,0
BRDA:102,5,1,0
BRDA:111,6,0,0
BRDA:111,6,1,0
BRDA:115,7,0,0
BRDA:115,7,1,0
BRDA:130,8,0,0
BRDA:130,8,1,0
BRDA:146,9,0,0
BRDA:146,9,1,0
BRDA:163,10,0,0
BRDA:163,10,1,0
BRDA:163,11,0,0
BRDA:163,11,1,0
BRDA:186,12,0,0
BRDA:199,13,0,0
BRF:26
BRH:0
end_of_record
TN:
SF:src\utils\logger.ts
FN:11,(anonymous_1)
FN:74,(anonymous_2)
FNF:2
FNH:1
FNDA:24,(anonymous_1)
FNDA:0,(anonymous_2)
DA:6,1
DA:8,1
DA:11,1
DA:12,24
DA:15,24
DA:16,24
DA:20,24
DA:21,0
DA:24,24
DA:28,1
DA:63,1
DA:64,1
DA:73,1
DA:75,0
DA:79,1
LF:15
LH:13
BRDA:15,0,0,24
BRDA:15,0,1,0
BRDA:20,1,0,0
BRDA:20,1,1,24
BRDA:29,2,0,1
BRDA:29,2,1,1
BRDA:63,3,0,1
BRDA:63,3,1,0
BRF:8
BRH:5
end_of_record
TN:
SF:src\utils\pagination.ts
FN:20,validatePagination
FN:48,calculatePaginationMeta
FNF:2
FNH:0
FNDA:0,validatePagination
FNDA:0,calculatePaginationMeta
DA:26,0
DA:32,0
DA:34,0
DA:53,0
DA:54,0
DA:55,0
DA:56,0
DA:58,0
LF:8
LH:0
BRDA:21,0,0,0
BRDA:22,1,0,0
BRDA:23,2,0,0
BRF:3
BRH:0
end_of_record
TN:
SF:src\utils\password.ts
FN:20,hashPassword
FN:30,comparePassword
FN:42,validatePasswordStrength
FNF:3
FNH:0
FNDA:0,hashPassword
FNDA:0,comparePassword
FNDA:0,validatePasswordStrength
DA:8,0
DA:21,0
DA:34,0
DA:43,0
DA:45,0
DA:46,0
DA:49,0
DA:50,0
DA:53,0
DA:54,0
DA:57,0
DA:58,0
DA:61,0
LF:13
LH:0
BRDA:45,0,0,0
BRDA:45,0,1,0
BRDA:45,1,0,0
BRDA:45,1,1,0
BRDA:49,2,0,0
BRDA:49,2,1,0
BRDA:53,3,0,0
BRDA:53,3,1,0
BRDA:57,4,0,0
BRDA:57,4,1,0
BRF:10
BRH:0
end_of_record
TN:
SF:src\utils\sanitize.ts
FN:12,sanitizeText
FN:26,sanitizeHtml
FN:43,sanitizeNumber
FN:70,sanitizeEmail
FN:89,sanitizeUrl
FNF:5
FNH:0
FNDA:0,sanitizeText
FNDA:0,sanitizeHtml
FNDA:0,sanitizeNumber
FNDA:0,sanitizeEmail
FNDA:0,sanitizeUrl
DA:13,0
DA:27,0
DA:48,0
DA:50,0
DA:51,0
DA:54,0
DA:55,0
DA:58,0
DA:59,0
DA:62,0
DA:71,0
DA:74,0
DA:76,0
DA:77,0
DA:80,0
DA:93,0
DA:95,0
DA:96,0
DA:98,0
DA:99,0
DA:102,0
DA:104,0
LF:22
LH:0
BRDA:12,0,0,0
BRDA:48,1,0,0
BRDA:48,1,1,0
BRDA:50,2,0,0
BRDA:50,2,1,0
BRDA:50,3,0,0
BRDA:50,3,1,0
BRDA:54,4,0,0
BRDA:54,4,1,0
BRDA:54,5,0,0
BRDA:54,5,1,0
BRDA:58,6,0,0
BRDA:58,6,1,0
BRDA:58,7,0,0
BRDA:58,7,1,0
BRDA:76,8,0,0
BRDA:76,8,1,0
BRDA:76,9,0,0
BRDA:76,9,1,0
BRDA:91,10,0,0
BRDA:98,11,0,0
BRDA:98,11,1,0
BRF:22
BRH:0
end_of_record
TN:
SF:src\validators\job.ts
FNF:0
FNH:0
DA:6,0
DA:62,0
DA:71,0
DA:90,0
LF:4
LH:0
BRF:0
BRH:0
end_of_record
TN:
SF:src\validators\job.validator.ts
FN:89,(anonymous_0)
FNF:1
FNH:0
FNDA:0,(anonymous_0)
DA:16,0
DA:55,0
DA:89,0
DA:98,0
DA:142,0
LF:5
LH:0
BRF:0
BRH:0
end_of_record
TN:
SF:src\validators\payment.ts
FNF:0
FNH:0
DA:6,0
DA:15,0
DA:31,0
LF:3
LH:0
BRF:0
BRH:0
end_of_record
TN:
SF:src\validators\runner.ts
FN:119,(anonymous_0)
FNF:1
FNH:0
FNDA:0,(anonymous_0)
DA:6,0
DA:59,0
DA:101,0
DA:120,0
DA:121,0
DA:122,0
DA:140,0
LF:7
LH:0
BRDA:120,0,0,0
BRDA:120,0,1,0
BRDA:121,1,0,0
BRDA:121,1,1,0
BRF:4
BRH:0
end_of_record
TN:
SF:src\validators\schemas.ts
FN:176,(anonymous_0)
FN:177,(anonymous_1)
FN:179,(anonymous_2)
FN:180,(anonymous_3)
FN:182,(anonymous_4)
FN:183,(anonymous_5)
FN:195,(anonymous_6)
FN:196,(anonymous_7)
FN:231,(anonymous_8)
FNF:9
FNH:0
FNDA:0,(anonymous_0)
FNDA:0,(anonymous_1)
FNDA:0,(anonymous_2)
FNDA:0,(anonymous_3)
FNDA:0,(anonymous_4)
FNDA:0,(anonymous_5)
FNDA:0,(anonymous_6)
FNDA:0,(anonymous_7)
FNDA:0,(anonymous_8)
DA:12,0
DA:28,0
DA:35,0
DA:46,0
DA:67,0
DA:86,0
DA:115,0
DA:134,0
DA:141,0
DA:154,0
DA:173,0
DA:176,0
DA:177,0
DA:179,0
DA:180,0
DA:182,0
DA:183,0
DA:192,0
DA:195,0
DA:196,0
DA:204,0
DA:220,0
DA:231,0
DA:237,0
DA:248,0
DA:256,0
DA:264,0
LF:27
LH:0
BRDA:177,0,0,0
BRDA:177,0,1,0
BRDA:177,0,2,0
BRDA:180,1,0,0
BRDA:180,1,1,0
BRDA:180,1,2,0
BRDA:183,2,0,0
BRDA:183,2,1,0
BRDA:183,2,2,0
BRDA:196,3,0,0
BRDA:196,3,1,0
BRF:11
BRH:0
end_of_record
